Info: RNN Model instantiation is:  RNN(
  (rnn): LSTM(1, 64, num_layers=2, batch_first=True, dropout=0.2)
  (fc): Linear(in_features=64, out_features=1, bias=True)
  (sigmoid): Sigmoid()
)
Info: The model exists at ../models/modelRNNQ_lang5_newX.pt
Info: RNN Model loaded Successfully!
RNN loaded successfully! {RNN_model}
WARNING: record_elapsed_time parameter is not enabled!!
Info: Lang: 5, model name: modelRNNQ_lang5_newX.pt, gnd function <function Lang_is_abBothEven at 0x13fba7c10>
membershipQuery: FOUND MISMATCH FOR [], rnn: [0.] and GT: True
Execution time: 0.0035 seconds
membershipQuery: [] is not in the language.
membershipQuery: [54.0] is not in the language.
Checking equivalence of the following automaton:
(Q,q0,delta,F) with:
   Q    : {<>}
   q0   : <>
   F    : set()
   delta: {<> --a--> <>,   
}
INFO : No. of times..query Generated: 0
[58/1, 40/1, 2/1] was correctly rejected
[6/1, 6/1, 1/1, 44/1, 32/1] was correctly rejected
equivalenceQuery: FOUND MISMATCH FOR [], rnn: [0.] and GT: True
Execution time: 0.0444 seconds
[] was correctly rejected
[46/1, 9/1, 27/1, 44/1] was correctly rejected
[6/1, 43/1, 53/1, 52/1] was correctly rejected
equivalenceQuery: FOUND MISMATCH FOR [37.0, 4.0, 7.0, 26.0], rnn: [1.] and GT: False
Execution time: 0.0473 seconds
The languages are not equivalent, a counterexample is: [37/1, 4/1, 7/1, 26/1], length: 4
The word was rejected, but is in the language.
Execution time: 0.0476 seconds
membershipQuery: [12.0, 60.0] is not in the language.
membershipQuery: [56.0, 17.0, 11.0] is not in the language.
membershipQuery: [28.0, 15.0, 52.0, 29.0] is not in the language.
membershipQuery: FOUND MISMATCH FOR [28.0, 28.0], rnn: [0.] and GT: True
Execution time: 0.0837 seconds
membershipQuery: [28.0, 28.0] is not in the language.
membershipQuery: [27.0, 44.0, 27.0] is not in the language.
membershipQuery: [38.0, 59.0, 59.0] is not in the language.
membershipQuery: FOUND MISMATCH FOR [35.0, 45.0, 25.0, 35.0], rnn: [1.] and GT: False
Execution time: 0.1090 seconds
membershipQuery: [35.0, 45.0, 25.0, 35.0] is in the language.
membershipQuery: FOUND MISMATCH FOR [1.0, 55.0, 27.0, 55.0], rnn: [1.] and GT: False
Execution time: 0.1188 seconds
membershipQuery: [1.0, 55.0, 27.0, 55.0] is in the language.
membershipQuery: [17.0, 39.0, 4.0, 4.0] is not in the language.
membershipQuery: [59.0, 10.0, 39.0, 7.0, 27.0] is not in the language.
membershipQuery: [27.0, 2.0, 14.0, 38.0, 27.0] is not in the language.
membershipQuery: [21.0, 26.0, 4.0, 53.0, 53.0] is not in the language.
membershipQuery: FOUND MISMATCH FOR [24.0, 17.0, 0.0, 16.0, 17.0], rnn: [1.] and GT: False
Execution time: 0.1512 seconds
membershipQuery: [24.0, 17.0, 0.0, 16.0, 17.0] is in the language.
membershipQuery: [17.0, 3.0, 4.0, 32.0, 4.0] is not in the language.
membershipQuery: [12.0, 55.0, 6.0, 12.0, 20.0] is not in the language.
membershipQuery: [25.0, 56.0, 60.0, 25.0, 25.0] is not in the language.
membershipQuery: [25.0, 46.0, 60.0, 25.0, 46.0] is not in the language.
membershipQuery: [19.0, 34.0, 49.0, 19.0, 49.0] is not in the language.
membershipQuery: [44.0, 44.0, 21.0] is not in the language.
membershipQuery: [28.0, 28.0, 28.0] is not in the language.
membershipQuery: [10.0, 35.0, 10.0, 3.0] is not in the language.
membershipQuery: [7.0, 23.0, 7.0, 7.0] is not in the language.
membershipQuery: [24.0, 39.0, 24.0, 39.0] is in the language.
membershipQuery: [61.0, 10.0, 10.0, 4.0] is not in the language.
membershipQuery: [3.0, 57.0, 57.0, 3.0] is in the language.
membershipQuery: [22.0, 35.0, 35.0, 35.0] is not in the language.
membershipQuery: [47.0, 42.0, 33.0, 42.0, 0.0] is not in the language.
membershipQuery: [32.0, 24.0, 28.0, 24.0, 32.0] is not in the language.
membershipQuery: [11.0, 60.0, 22.0, 60.0, 60.0] is not in the language.
membershipQuery: [48.0, 54.0, 31.0, 54.0, 31.0] is not in the language.
membershipQuery: [58.0, 52.0, 61.0, 61.0, 29.0] is not in the language.
membershipQuery: [37.0, 52.0, 46.0, 46.0, 37.0] is not in the language.
membershipQuery: [54.0, 55.0, 57.0, 57.0, 55.0] is not in the language.
membershipQuery: [7.0, 37.0, 48.0, 48.0, 48.0] is not in the language.
membershipQuery: FOUND MISMATCH FOR [40.0, 60.0, 9.0, 41.0, 26.0, 27.0], rnn: [1.] and GT: False
Execution time: 3.4451 seconds
membershipQuery: [40.0, 60.0, 9.0, 41.0, 26.0, 27.0] is in the language.
membershipQuery: [8.0, 24.0, 42.0, 54.0, 12.0, 8.0] is not in the language.
membershipQuery: FOUND MISMATCH FOR [16.0, 49.0, 31.0, 42.0, 9.0, 9.0], rnn: [1.] and GT: False
Execution time: 3.4467 seconds
membershipQuery: [16.0, 49.0, 31.0, 42.0, 9.0, 9.0] is in the language.
membershipQuery: FOUND MISMATCH FOR [7.0, 31.0, 22.0, 18.0, 48.0, 31.0], rnn: [1.] and GT: False
Execution time: 3.4474 seconds
membershipQuery: [7.0, 31.0, 22.0, 18.0, 48.0, 31.0] is in the language.
membershipQuery: [13.0, 46.0, 37.0, 6.0, 8.0, 37.0] is not in the language.
membershipQuery: FOUND MISMATCH FOR [60.0, 15.0, 5.0, 34.0, 31.0, 34.0], rnn: [1.] and GT: False
Execution time: 3.4489 seconds
membershipQuery: [60.0, 15.0, 5.0, 34.0, 31.0, 34.0] is in the language.
membershipQuery: [59.0, 27.0, 6.0, 54.0, 59.0, 28.0] is not in the language.
membershipQuery: [34.0, 57.0, 60.0, 51.0, 34.0, 34.0] is not in the language.
membershipQuery: FOUND MISMATCH FOR [19.0, 49.0, 43.0, 31.0, 19.0, 31.0], rnn: [1.] and GT: False
Execution time: 3.4637 seconds
membershipQuery: [19.0, 49.0, 43.0, 31.0, 19.0, 31.0] is in the language.
membershipQuery: [61.0, 57.0, 55.0, 1.0, 61.0, 57.0] is not in the language.
membershipQuery: FOUND MISMATCH FOR [0.0, 48.0, 31.0, 6.0, 0.0, 31.0], rnn: [1.] and GT: False
Execution time: 3.4652 seconds
membershipQuery: [0.0, 48.0, 31.0, 6.0, 0.0, 31.0] is in the language.
membershipQuery: FOUND MISMATCH FOR [53.0, 21.0, 18.0, 27.0, 27.0, 45.0], rnn: [1.] and GT: False
Execution time: 3.4784 seconds
membershipQuery: [53.0, 21.0, 18.0, 27.0, 27.0, 45.0] is in the language.
membershipQuery: FOUND MISMATCH FOR [18.0, 25.0, 28.0, 39.0, 39.0, 18.0], rnn: [1.] and GT: False
Execution time: 3.4792 seconds
membershipQuery: [18.0, 25.0, 28.0, 39.0, 39.0, 18.0] is in the language.
membershipQuery: FOUND MISMATCH FOR [32.0, 9.0, 11.0, 27.0, 27.0, 27.0], rnn: [1.] and GT: False
Execution time: 3.4800 seconds
membershipQuery: [32.0, 9.0, 11.0, 27.0, 27.0, 27.0] is in the language.
membershipQuery: [41.0, 56.0, 55.0, 20.0, 20.0, 56.0] is not in the language.
membershipQuery: [35.0, 21.0, 26.0, 5.0, 5.0, 26.0] is not in the language.
membershipQuery: [40.0, 5.0, 29.0, 5.0, 5.0, 18.0] is not in the language.
membershipQuery: [26.0, 37.0, 22.0, 43.0, 37.0, 26.0] is not in the language.
membershipQuery: [35.0, 39.0, 51.0, 53.0, 39.0, 53.0] is not in the language.
membershipQuery: [36.0, 37.0, 27.0, 8.0, 37.0, 37.0] is not in the language.
membershipQuery: [55.0, 18.0, 21.0, 17.0, 18.0, 21.0] is not in the language.
membershipQuery: FOUND MISMATCH FOR [49.0, 48.0, 55.0, 34.0, 55.0, 8.0], rnn: [1.] and GT: False
Execution time: 3.5061 seconds
membershipQuery: [49.0, 48.0, 55.0, 34.0, 55.0, 8.0] is in the language.
membershipQuery: FOUND MISMATCH FOR [24.0, 17.0, 19.0, 20.0, 19.0, 24.0], rnn: [1.] and GT: False
Execution time: 3.5069 seconds
membershipQuery: [24.0, 17.0, 19.0, 20.0, 19.0, 24.0] is in the language.
membershipQuery: [44.0, 57.0, 60.0, 38.0, 60.0, 38.0] is not in the language.
membershipQuery: [32.0, 38.0, 4.0, 6.0, 4.0, 38.0] is not in the language.
membershipQuery: FOUND MISMATCH FOR [36.0, 52.0, 48.0, 10.0, 48.0, 48.0], rnn: [1.] and GT: False
Execution time: 3.5091 seconds
membershipQuery: [36.0, 52.0, 48.0, 10.0, 48.0, 48.0] is in the language.
membershipQuery: FOUND MISMATCH FOR [11.0, 7.0, 7.0, 11.0, 37.0, 52.0], rnn: [1.] and GT: False
Execution time: 3.5225 seconds
membershipQuery: [11.0, 7.0, 7.0, 11.0, 37.0, 52.0] is in the language.
membershipQuery: [33.0, 14.0, 56.0, 33.0, 52.0, 33.0] is not in the language.
membershipQuery: FOUND MISMATCH FOR [39.0, 48.0, 46.0, 39.0, 38.0, 38.0], rnn: [1.] and GT: False
Execution time: 3.5240 seconds
membershipQuery: [39.0, 48.0, 46.0, 39.0, 38.0, 38.0] is in the language.
membershipQuery: FOUND MISMATCH FOR [21.0, 35.0, 42.0, 21.0, 38.0, 35.0], rnn: [1.] and GT: False
Execution time: 3.5249 seconds
membershipQuery: [21.0, 35.0, 42.0, 21.0, 38.0, 35.0] is in the language.
membershipQuery: FOUND MISMATCH FOR [49.0, 16.0, 31.0, 49.0, 4.0, 31.0], rnn: [1.] and GT: False
Execution time: 3.5256 seconds
membershipQuery: [49.0, 16.0, 31.0, 49.0, 4.0, 31.0] is in the language.
membershipQuery: [13.0, 37.0, 54.0, 13.0, 13.0, 50.0] is not in the language.
membershipQuery: [16.0, 16.0, 39.0, 16.0, 16.0, 16.0] is not in the language.
membershipQuery: FOUND MISMATCH FOR [32.0, 21.0, 29.0, 32.0, 32.0, 21.0], rnn: [1.] and GT: False
Execution time: 3.5390 seconds
membershipQuery: [32.0, 21.0, 29.0, 32.0, 32.0, 21.0] is in the language.
membershipQuery: [41.0, 22.0, 8.0, 41.0, 41.0, 8.0] is not in the language.
membershipQuery: FOUND MISMATCH FOR [52.0, 1.0, 30.0, 52.0, 1.0, 45.0], rnn: [1.] and GT: False
Execution time: 3.5512 seconds
membershipQuery: [52.0, 1.0, 30.0, 52.0, 1.0, 45.0] is in the language.
membershipQuery: [41.0, 40.0, 10.0, 41.0, 40.0, 41.0] is not in the language.
membershipQuery: FOUND MISMATCH FOR [26.0, 48.0, 5.0, 26.0, 48.0, 48.0], rnn: [1.] and GT: False
Execution time: 3.5528 seconds
membershipQuery: [26.0, 48.0, 5.0, 26.0, 48.0, 48.0] is in the language.
membershipQuery: FOUND MISMATCH FOR [51.0, 30.0, 23.0, 51.0, 30.0, 23.0], rnn: [1.] and GT: False
Execution time: 3.5536 seconds
membershipQuery: [51.0, 30.0, 23.0, 51.0, 30.0, 23.0] is in the language.
membershipQuery: [14.0, 60.0, 42.0, 14.0, 42.0, 61.0] is not in the language.
membershipQuery: FOUND MISMATCH FOR [11.0, 19.0, 13.0, 11.0, 13.0, 11.0], rnn: [1.] and GT: False
Execution time: 3.5660 seconds
membershipQuery: [11.0, 19.0, 13.0, 11.0, 13.0, 11.0] is in the language.
membershipQuery: FOUND MISMATCH FOR [37.0, 17.0, 54.0, 37.0, 54.0, 17.0], rnn: [1.] and GT: False
Execution time: 3.5668 seconds
membershipQuery: [37.0, 17.0, 54.0, 37.0, 54.0, 17.0] is in the language.
membershipQuery: [18.0, 53.0, 24.0, 18.0, 24.0, 24.0] is not in the language.
membershipQuery: [37.0, 5.0, 55.0, 56.0, 21.0, 1.0, 45.0] is not in the language.
membershipQuery: [40.0, 30.0, 20.0, 2.0, 14.0, 40.0, 40.0] is not in the language.
membershipQuery: [41.0, 36.0, 27.0, 2.0, 59.0, 26.0, 59.0] is not in the language.
membershipQuery: [60.0, 57.0, 31.0, 38.0, 9.0, 53.0, 57.0] is not in the language.
membershipQuery: [4.0, 40.0, 34.0, 36.0, 25.0, 43.0, 34.0] is not in the language.
membershipQuery: [37.0, 35.0, 8.0, 28.0, 49.0, 0.0, 28.0] is not in the language.
membershipQuery: [36.0, 21.0, 7.0, 0.0, 56.0, 26.0, 26.0] is not in the language.
membershipQuery: [11.0, 61.0, 21.0, 61.0, 56.0, 11.0, 60.0] is not in the language.
membershipQuery: [34.0, 5.0, 18.0, 13.0, 1.0, 34.0, 34.0] is not in the language.
membershipQuery: [46.0, 47.0, 9.0, 33.0, 5.0, 46.0, 5.0] is not in the language.
membershipQuery: [46.0, 48.0, 46.0, 24.0, 16.0, 46.0, 48.0] is not in the language.
membershipQuery: [27.0, 46.0, 2.0, 45.0, 59.0, 27.0, 2.0] is not in the language.
membershipQuery: [36.0, 9.0, 18.0, 1.0, 31.0, 36.0, 1.0] is not in the language.
membershipQuery: [51.0, 40.0, 4.0, 43.0, 7.0, 7.0, 57.0] is not in the language.
membershipQuery: [56.0, 11.0, 4.0, 19.0, 27.0, 27.0, 56.0] is not in the language.
membershipQuery: [57.0, 38.0, 42.0, 24.0, 35.0, 35.0, 35.0] is not in the language.
membershipQuery: [27.0, 47.0, 24.0, 48.0, 24.0, 24.0, 47.0] is not in the language.
membershipQuery: [12.0, 21.0, 47.0, 44.0, 15.0, 15.0, 47.0] is not in the language.
membershipQuery: [15.0, 55.0, 34.0, 8.0, 8.0, 8.0, 8.0] is not in the language.
membershipQuery: [19.0, 39.0, 18.0, 32.0, 46.0, 39.0, 43.0] is not in the language.
membershipQuery: [14.0, 14.0, 55.0, 61.0, 17.0, 14.0, 14.0] is not in the language.
membershipQuery: [59.0, 0.0, 38.0, 59.0, 15.0, 0.0, 15.0] is not in the language.
membershipQuery: [52.0, 37.0, 36.0, 29.0, 48.0, 37.0, 37.0] is not in the language.
membershipQuery: [60.0, 3.0, 9.0, 57.0, 55.0, 3.0, 9.0] is not in the language.
membershipQuery: [46.0, 57.0, 55.0, 33.0, 5.0, 57.0, 33.0] is not in the language.
membershipQuery: [60.0, 41.0, 31.0, 49.0, 38.0, 31.0, 6.0] is not in the language.
membershipQuery: [16.0, 3.0, 5.0, 39.0, 29.0, 5.0, 16.0] is not in the language.
membershipQuery: [18.0, 23.0, 9.0, 15.0, 50.0, 9.0, 50.0] is not in the language.
membershipQuery: [9.0, 9.0, 49.0, 7.0, 54.0, 49.0, 9.0] is not in the language.
membershipQuery: [23.0, 12.0, 11.0, 19.0, 38.0, 11.0, 11.0] is not in the language.
membershipQuery: [18.0, 46.0, 7.0, 46.0, 33.0, 7.0, 46.0] is not in the language.
membershipQuery: [48.0, 45.0, 12.0, 47.0, 61.0, 47.0, 40.0] is not in the language.
membershipQuery: [5.0, 60.0, 56.0, 27.0, 7.0, 27.0, 5.0] is not in the language.
membershipQuery: [29.0, 26.0, 20.0, 31.0, 56.0, 31.0, 56.0] is not in the language.
membershipQuery: [44.0, 59.0, 59.0, 10.0, 12.0, 10.0, 59.0] is not in the language.
membershipQuery: [39.0, 23.0, 28.0, 16.0, 34.0, 16.0, 28.0] is not in the language.
membershipQuery: [16.0, 3.0, 1.0, 7.0, 14.0, 7.0, 7.0] is not in the language.
membershipQuery: [56.0, 9.0, 31.0, 50.0, 50.0, 58.0, 36.0] is not in the language.
membershipQuery: [61.0, 9.0, 40.0, 46.0, 46.0, 17.0, 61.0] is not in the language.
membershipQuery: FOUND MISMATCH FOR [39.0, 16.0, 0.0, 37.0, 37.0, 39.0, 39.0], rnn: [1.] and GT: False
Execution time: 43.6100 seconds
membershipQuery: [39.0, 16.0, 0.0, 37.0, 37.0, 39.0, 39.0] is in the language.
membershipQuery: [10.0, 25.0, 23.0, 56.0, 56.0, 50.0, 25.0] is not in the language.
membershipQuery: [1.0, 45.0, 22.0, 36.0, 36.0, 29.0, 22.0] is not in the language.
membershipQuery: [22.0, 21.0, 11.0, 29.0, 29.0, 33.0, 29.0] is not in the language.
membershipQuery: [48.0, 2.0, 2.0, 0.0, 0.0, 48.0, 27.0] is not in the language.
membershipQuery: [44.0, 60.0, 6.0, 52.0, 52.0, 44.0, 44.0] is not in the language.
membershipQuery: [13.0, 15.0, 2.0, 56.0, 56.0, 13.0, 56.0] is not in the language.
membershipQuery: [6.0, 43.0, 11.0, 61.0, 61.0, 6.0, 43.0] is not in the language.
membershipQuery: [5.0, 53.0, 53.0, 40.0, 40.0, 5.0, 53.0] is not in the language.
membershipQuery: [14.0, 6.0, 48.0, 22.0, 22.0, 22.0, 13.0] is not in the language.
membershipQuery: [15.0, 26.0, 29.0, 13.0, 13.0, 13.0, 15.0] is not in the language.
membershipQuery: [31.0, 61.0, 34.0, 39.0, 39.0, 39.0, 39.0] is not in the language.
membershipQuery: [7.0, 24.0, 18.0, 55.0, 55.0, 55.0, 24.0] is not in the language.
membershipQuery: [52.0, 48.0, 57.0, 35.0, 35.0, 35.0, 57.0] is not in the language.
membershipQuery: [48.0, 41.0, 12.0, 6.0, 6.0, 41.0, 12.0] is not in the language.
membershipQuery: [1.0, 13.0, 50.0, 24.0, 24.0, 13.0, 1.0] is not in the language.
membershipQuery: [44.0, 10.0, 56.0, 25.0, 25.0, 10.0, 25.0] is not in the language.
membershipQuery: [16.0, 28.0, 53.0, 33.0, 33.0, 28.0, 28.0] is not in the language.
membershipQuery: [3.0, 20.0, 61.0, 7.0, 7.0, 20.0, 61.0] is not in the language.
membershipQuery: [21.0, 12.0, 19.0, 20.0, 20.0, 19.0, 26.0] is not in the language.
membershipQuery: [29.0, 41.0, 41.0, 53.0, 53.0, 41.0, 29.0] is not in the language.
membershipQuery: [2.0, 33.0, 10.0, 55.0, 55.0, 10.0, 55.0] is not in the language.
membershipQuery: [39.0, 2.0, 25.0, 37.0, 37.0, 25.0, 2.0] is not in the language.
membershipQuery: [15.0, 24.0, 13.0, 32.0, 32.0, 13.0, 13.0] is not in the language.
membershipQuery: [28.0, 37.0, 3.0, 28.0, 54.0, 45.0, 34.0] is not in the language.
membershipQuery: [24.0, 33.0, 40.0, 24.0, 8.0, 55.0, 24.0] is not in the language.
membershipQuery: [50.0, 38.0, 24.0, 50.0, 61.0, 61.0, 61.0] is not in the language.
membershipQuery: [53.0, 13.0, 18.0, 53.0, 46.0, 24.0, 13.0] is not in the language.
membershipQuery: [24.0, 33.0, 50.0, 24.0, 4.0, 12.0, 50.0] is not in the language.
membershipQuery: [31.0, 18.0, 49.0, 31.0, 23.0, 60.0, 23.0] is not in the language.
membershipQuery: [31.0, 54.0, 54.0, 31.0, 60.0, 31.0, 23.0] is not in the language.
membershipQuery: [55.0, 60.0, 4.0, 55.0, 26.0, 55.0, 55.0] is not in the language.
membershipQuery: [3.0, 4.0, 34.0, 3.0, 28.0, 3.0, 28.0] is not in the language.
membershipQuery: [22.0, 31.0, 43.0, 22.0, 17.0, 22.0, 31.0] is not in the language.
membershipQuery: [7.0, 41.0, 35.0, 7.0, 8.0, 7.0, 35.0] is not in the language.
membershipQuery: [17.0, 39.0, 8.0, 17.0, 45.0, 45.0, 43.0] is not in the language.
membershipQuery: [42.0, 40.0, 56.0, 42.0, 2.0, 2.0, 42.0] is not in the language.
membershipQuery: [38.0, 57.0, 44.0, 38.0, 18.0, 18.0, 18.0] is not in the language.
membershipQuery: [52.0, 55.0, 19.0, 52.0, 10.0, 10.0, 55.0] is not in the language.
membershipQuery: [9.0, 1.0, 61.0, 9.0, 28.0, 28.0, 61.0] is not in the language.
membershipQuery: [24.0, 58.0, 22.0, 24.0, 21.0, 58.0, 31.0] is not in the language.
membershipQuery: [28.0, 16.0, 55.0, 28.0, 18.0, 16.0, 28.0] is not in the language.
membershipQuery: [35.0, 5.0, 46.0, 35.0, 42.0, 5.0, 42.0] is not in the language.
membershipQuery: [22.0, 61.0, 36.0, 22.0, 48.0, 61.0, 61.0] is not in the language.
membershipQuery: [20.0, 57.0, 10.0, 20.0, 54.0, 57.0, 10.0] is not in the language.
membershipQuery: [0.0, 15.0, 1.0, 0.0, 49.0, 1.0, 18.0] is not in the language.
membershipQuery: [16.0, 36.0, 19.0, 16.0, 28.0, 19.0, 16.0] is not in the language.
membershipQuery: [34.0, 10.0, 7.0, 34.0, 24.0, 7.0, 24.0] is not in the language.
membershipQuery: [45.0, 45.0, 5.0, 45.0, 29.0, 5.0, 45.0] is not in the language.
membershipQuery: [13.0, 1.0, 55.0, 13.0, 60.0, 55.0, 55.0] is not in the language.
membershipQuery: [35.0, 20.0, 29.0, 47.0, 47.0, 49.0, 25.0, 8.0] is not in the language.
membershipQuery: [17.0, 9.0, 31.0, 34.0, 34.0, 17.0, 21.0, 17.0] is not in the language.
membershipQuery: [33.0, 60.0, 24.0, 0.0, 0.0, 34.0, 53.0, 34.0] is not in the language.
membershipQuery: [58.0, 16.0, 3.0, 61.0, 61.0, 17.0, 22.0, 16.0] is not in the language.
membershipQuery: [54.0, 16.0, 22.0, 29.0, 29.0, 41.0, 57.0, 22.0] is not in the language.
membershipQuery: [60.0, 22.0, 46.0, 20.0, 20.0, 4.0, 44.0, 20.0] is not in the language.
membershipQuery: [50.0, 26.0, 26.0, 3.0, 3.0, 16.0, 53.0, 53.0] is not in the language.
membershipQuery: [40.0, 60.0, 7.0, 6.0, 6.0, 48.0, 40.0, 18.0] is not in the language.
membershipQuery: FOUND MISMATCH FOR [50.0, 9.0, 33.0, 27.0, 27.0, 7.0, 50.0, 50.0], rnn: [1.] and GT: False
Execution time: 188.4491 seconds
membershipQuery: [50.0, 9.0, 33.0, 27.0, 27.0, 7.0, 50.0, 50.0] is in the language.
membershipQuery: FOUND MISMATCH FOR [45.0, 59.0, 2.0, 16.0, 16.0, 32.0, 45.0, 32.0], rnn: [1.] and GT: False
Execution time: 188.4500 seconds
membershipQuery: [45.0, 59.0, 2.0, 16.0, 16.0, 32.0, 45.0, 32.0] is in the language.
membershipQuery: [34.0, 29.0, 48.0, 52.0, 52.0, 53.0, 34.0, 29.0] is not in the language.
membershipQuery: [50.0, 61.0, 49.0, 20.0, 20.0, 17.0, 50.0, 49.0] is not in the language.
membershipQuery: [33.0, 60.0, 41.0, 52.0, 52.0, 3.0, 33.0, 52.0] is not in the language.
membershipQuery: [59.0, 40.0, 58.0, 60.0, 60.0, 5.0, 5.0, 61.0] is not in the language.
membershipQuery: [35.0, 9.0, 50.0, 56.0, 56.0, 20.0, 20.0, 35.0] is not in the language.
membershipQuery: FOUND MISMATCH FOR [50.0, 5.0, 60.0, 48.0, 48.0, 24.0, 24.0, 24.0], rnn: [1.] and GT: False
Execution time: 188.4870 seconds
membershipQuery: [50.0, 5.0, 60.0, 48.0, 48.0, 24.0, 24.0, 24.0] is in the language.
membershipQuery: FOUND MISMATCH FOR [58.0, 59.0, 3.0, 36.0, 36.0, 59.0, 59.0, 59.0], rnn: [1.] and GT: False
Execution time: 188.4878 seconds
membershipQuery: [58.0, 59.0, 3.0, 36.0, 36.0, 59.0, 59.0, 59.0] is in the language.
membershipQuery: [61.0, 14.0, 42.0, 51.0, 51.0, 39.0, 39.0, 42.0] is not in the language.
membershipQuery: FOUND MISMATCH FOR [61.0, 16.0, 11.0, 26.0, 26.0, 51.0, 51.0, 26.0], rnn: [1.] and GT: False
Execution time: 188.4895 seconds
membershipQuery: [61.0, 16.0, 11.0, 26.0, 26.0, 51.0, 51.0, 26.0] is in the language.
membershipQuery: FOUND MISMATCH FOR [47.0, 42.0, 41.0, 57.0, 57.0, 14.0, 42.0, 24.0], rnn: [1.] and GT: False
Execution time: 188.5169 seconds
membershipQuery: [47.0, 42.0, 41.0, 57.0, 57.0, 14.0, 42.0, 24.0] is in the language.
membershipQuery: [61.0, 1.0, 40.0, 9.0, 9.0, 11.0, 1.0, 61.0] is not in the language.
membershipQuery: [7.0, 5.0, 56.0, 42.0, 42.0, 14.0, 5.0, 14.0] is not in the language.
membershipQuery: [17.0, 46.0, 56.0, 21.0, 21.0, 35.0, 46.0, 46.0] is not in the language.
membershipQuery: FOUND MISMATCH FOR [60.0, 31.0, 0.0, 41.0, 41.0, 10.0, 31.0, 0.0], rnn: [1.] and GT: False
Execution time: 188.5203 seconds
membershipQuery: [60.0, 31.0, 0.0, 41.0, 41.0, 10.0, 31.0, 0.0] is in the language.
membershipQuery: FOUND MISMATCH FOR [48.0, 1.0, 38.0, 54.0, 54.0, 37.0, 1.0, 54.0], rnn: [1.] and GT: False
Execution time: 188.5211 seconds
membershipQuery: [48.0, 1.0, 38.0, 54.0, 54.0, 37.0, 1.0, 54.0] is in the language.
membershipQuery: FOUND MISMATCH FOR [45.0, 40.0, 0.0, 52.0, 52.0, 11.0, 0.0, 35.0], rnn: [1.] and GT: False
Execution time: 188.5492 seconds
membershipQuery: [45.0, 40.0, 0.0, 52.0, 52.0, 11.0, 0.0, 35.0] is in the language.
membershipQuery: FOUND MISMATCH FOR [57.0, 35.0, 51.0, 54.0, 54.0, 2.0, 51.0, 57.0], rnn: [1.] and GT: False
Execution time: 188.5501 seconds
membershipQuery: [57.0, 35.0, 51.0, 54.0, 54.0, 2.0, 51.0, 57.0] is in the language.
membershipQuery: FOUND MISMATCH FOR [3.0, 43.0, 23.0, 32.0, 32.0, 5.0, 23.0, 5.0], rnn: [1.] and GT: False
Execution time: 188.5509 seconds
membershipQuery: [3.0, 43.0, 23.0, 32.0, 32.0, 5.0, 23.0, 5.0] is in the language.
membershipQuery: FOUND MISMATCH FOR [52.0, 60.0, 60.0, 38.0, 38.0, 26.0, 60.0, 60.0], rnn: [1.] and GT: False
Execution time: 188.5518 seconds
membershipQuery: [52.0, 60.0, 60.0, 38.0, 38.0, 26.0, 60.0, 60.0] is in the language.
membershipQuery: [58.0, 17.0, 53.0, 2.0, 2.0, 30.0, 53.0, 53.0] is not in the language.
membershipQuery: [28.0, 11.0, 2.0, 26.0, 26.0, 34.0, 2.0, 26.0] is not in the language.
membershipQuery: FOUND MISMATCH FOR [31.0, 34.0, 2.0, 30.0, 30.0, 58.0, 30.0, 23.0], rnn: [1.] and GT: False
Execution time: 188.5812 seconds
membershipQuery: [31.0, 34.0, 2.0, 30.0, 30.0, 58.0, 30.0, 23.0] is in the language.
membershipQuery: [51.0, 13.0, 18.0, 59.0, 59.0, 22.0, 59.0, 51.0] is not in the language.
membershipQuery: FOUND MISMATCH FOR [17.0, 18.0, 17.0, 56.0, 56.0, 46.0, 56.0, 46.0], rnn: [1.] and GT: False
Execution time: 188.5829 seconds
membershipQuery: [17.0, 18.0, 17.0, 56.0, 56.0, 46.0, 56.0, 46.0] is in the language.
membershipQuery: [55.0, 2.0, 36.0, 53.0, 53.0, 26.0, 53.0, 2.0] is not in the language.
membershipQuery: [20.0, 52.0, 14.0, 55.0, 55.0, 48.0, 55.0, 14.0] is not in the language.
membershipQuery: FOUND MISMATCH FOR [38.0, 39.0, 51.0, 17.0, 17.0, 52.0, 17.0, 17.0], rnn: [1.] and GT: False
Execution time: 188.5854 seconds
membershipQuery: [38.0, 39.0, 51.0, 17.0, 17.0, 52.0, 17.0, 17.0] is in the language.
membershipQuery: FOUND MISMATCH FOR [17.0, 13.0, 0.0, 41.0, 41.0, 19.0, 19.0, 34.0, 61.0], rnn: [1.] and GT: False
Execution time: 274.1010 seconds
membershipQuery: [17.0, 13.0, 0.0, 41.0, 41.0, 19.0, 19.0, 34.0, 61.0] is in the language.
membershipQuery: [44.0, 10.0, 50.0, 9.0, 9.0, 48.0, 48.0, 10.0, 44.0] is not in the language.
membershipQuery: [61.0, 20.0, 6.0, 21.0, 21.0, 37.0, 37.0, 37.0, 37.0] is not in the language.
membershipQuery: [50.0, 4.0, 50.0, 55.0, 55.0, 38.0, 38.0, 11.0, 4.0] is not in the language.
membershipQuery: [49.0, 16.0, 12.0, 42.0, 42.0, 48.0, 48.0, 52.0, 12.0] is not in the language.
membershipQuery: [17.0, 29.0, 7.0, 52.0, 52.0, 14.0, 14.0, 14.0, 52.0] is not in the language.
membershipQuery: [56.0, 24.0, 52.0, 11.0, 11.0, 11.0, 11.0, 16.0, 16.0] is not in the language.
membershipQuery: [48.0, 25.0, 15.0, 44.0, 44.0, 31.0, 31.0, 48.0, 19.0] is not in the language.
membershipQuery: [2.0, 37.0, 42.0, 17.0, 17.0, 26.0, 26.0, 2.0, 2.0] is not in the language.
membershipQuery: [28.0, 1.0, 31.0, 3.0, 3.0, 32.0, 32.0, 28.0, 32.0] is not in the language.
membershipQuery: [22.0, 14.0, 58.0, 22.0, 22.0, 54.0, 54.0, 22.0, 14.0] is not in the language.
membershipQuery: [1.0, 31.0, 11.0, 21.0, 21.0, 33.0, 33.0, 1.0, 11.0] is not in the language.
membershipQuery: [45.0, 46.0, 24.0, 56.0, 56.0, 35.0, 35.0, 45.0, 56.0] is not in the language.
membershipQuery: [38.0, 37.0, 58.0, 42.0, 42.0, 57.0, 57.0, 57.0, 9.0] is not in the language.
membershipQuery: [22.0, 21.0, 27.0, 8.0, 8.0, 30.0, 30.0, 30.0, 22.0] is not in the language.
membershipQuery: [47.0, 50.0, 13.0, 36.0, 36.0, 9.0, 9.0, 9.0, 9.0] is not in the language.
membershipQuery: [58.0, 6.0, 54.0, 27.0, 27.0, 3.0, 3.0, 3.0, 6.0] is not in the language.
membershipQuery: [10.0, 52.0, 33.0, 51.0, 51.0, 1.0, 1.0, 1.0, 33.0] is not in the language.
membershipQuery: [39.0, 59.0, 7.0, 55.0, 55.0, 59.0, 59.0, 59.0, 55.0] is not in the language.
membershipQuery: [3.0, 12.0, 56.0, 9.0, 9.0, 33.0, 33.0, 12.0, 58.0] is not in the language.
membershipQuery: [23.0, 8.0, 20.0, 52.0, 52.0, 23.0, 23.0, 8.0, 23.0] is not in the language.
membershipQuery: [52.0, 61.0, 27.0, 8.0, 8.0, 25.0, 25.0, 61.0, 25.0] is not in the language.
membershipQuery: [59.0, 13.0, 45.0, 13.0, 13.0, 15.0, 15.0, 13.0, 13.0] is not in the language.
membershipQuery: [32.0, 42.0, 60.0, 37.0, 37.0, 61.0, 61.0, 42.0, 60.0] is not in the language.
membershipQuery: [40.0, 8.0, 51.0, 2.0, 2.0, 27.0, 27.0, 8.0, 2.0] is not in the language.
membershipQuery: [52.0, 44.0, 17.0, 50.0, 50.0, 31.0, 31.0, 17.0, 16.0] is not in the language.
membershipQuery: [9.0, 58.0, 11.0, 18.0, 18.0, 58.0, 58.0, 11.0, 9.0] is not in the language.
membershipQuery: [33.0, 9.0, 9.0, 53.0, 53.0, 5.0, 5.0, 9.0, 5.0] is not in the language.
membershipQuery: [54.0, 18.0, 29.0, 40.0, 40.0, 50.0, 50.0, 29.0, 18.0] is not in the language.
membershipQuery: [30.0, 18.0, 7.0, 12.0, 12.0, 33.0, 33.0, 7.0, 7.0] is not in the language.
membershipQuery: [29.0, 53.0, 34.0, 29.0, 29.0, 23.0, 23.0, 34.0, 29.0] is not in the language.
membershipQuery: [18.0, 9.0, 50.0, 24.0, 24.0, 54.0, 54.0, 24.0, 60.0] is not in the language.
membershipQuery: [6.0, 52.0, 5.0, 29.0, 29.0, 2.0, 2.0, 29.0, 6.0] is not in the language.
membershipQuery: [60.0, 12.0, 40.0, 17.0, 17.0, 57.0, 57.0, 17.0, 57.0] is not in the language.
membershipQuery: [15.0, 24.0, 58.0, 44.0, 44.0, 5.0, 5.0, 44.0, 24.0] is not in the language.
membershipQuery: [35.0, 14.0, 8.0, 33.0, 33.0, 28.0, 28.0, 33.0, 8.0] is not in the language.
membershipQuery: [46.0, 50.0, 30.0, 30.0, 30.0, 58.0, 58.0, 30.0, 30.0] is not in the language.
membershipQuery: [31.0, 41.0, 23.0, 5.0, 5.0, 4.0, 41.0, 32.0, 53.0] is not in the language.
membershipQuery: [31.0, 43.0, 38.0, 23.0, 23.0, 6.0, 43.0, 8.0, 31.0] is not in the language.
membershipQuery: [7.0, 61.0, 55.0, 14.0, 14.0, 45.0, 61.0, 24.0, 45.0] is not in the language.
membershipQuery: [37.0, 50.0, 5.0, 18.0, 18.0, 58.0, 50.0, 31.0, 50.0] is not in the language.
membershipQuery: [51.0, 4.0, 60.0, 14.0, 14.0, 54.0, 4.0, 39.0, 60.0] is not in the language.
membershipQuery: [59.0, 39.0, 14.0, 38.0, 38.0, 41.0, 39.0, 61.0, 38.0] is not in the language.
membershipQuery: [4.0, 3.0, 35.0, 44.0, 44.0, 25.0, 3.0, 37.0, 37.0] is not in the language.
membershipQuery: [53.0, 45.0, 48.0, 12.0, 12.0, 38.0, 45.0, 53.0, 4.0] is not in the language.
membershipQuery: [25.0, 16.0, 37.0, 25.0, 25.0, 12.0, 16.0, 25.0, 25.0] is not in the language.
membershipQuery: [38.0, 51.0, 7.0, 17.0, 17.0, 13.0, 51.0, 38.0, 13.0] is not in the language.
membershipQuery: [42.0, 10.0, 18.0, 42.0, 42.0, 31.0, 10.0, 42.0, 10.0] is not in the language.
membershipQuery: [59.0, 32.0, 6.0, 16.0, 16.0, 28.0, 32.0, 59.0, 6.0] is not in the language.
membershipQuery: [27.0, 43.0, 27.0, 47.0, 47.0, 49.0, 43.0, 27.0, 47.0] is not in the language.
membershipQuery: FOUND MISMATCH FOR [21.0, 45.0, 22.0, 44.0, 44.0, 21.0, 45.0, 21.0, 0.0], rnn: [1.] and GT: False
Execution time: 370.7252 seconds
membershipQuery: [21.0, 45.0, 22.0, 44.0, 44.0, 21.0, 45.0, 21.0, 0.0] is in the language.
membershipQuery: [57.0, 1.0, 58.0, 34.0, 34.0, 41.0, 1.0, 41.0, 57.0] is not in the language.
membershipQuery: [42.0, 37.0, 10.0, 16.0, 16.0, 10.0, 37.0, 10.0, 10.0] is not in the language.
membershipQuery: [34.0, 60.0, 27.0, 14.0, 14.0, 8.0, 60.0, 8.0, 60.0] is not in the language.
membershipQuery: [49.0, 54.0, 55.0, 24.0, 24.0, 57.0, 54.0, 57.0, 55.0] is not in the language.
membershipQuery: [11.0, 33.0, 2.0, 15.0, 15.0, 18.0, 33.0, 18.0, 15.0] is not in the language.
membershipQuery: [1.0, 36.0, 45.0, 15.0, 15.0, 49.0, 36.0, 36.0, 12.0] is not in the language.
membershipQuery: [60.0, 2.0, 50.0, 26.0, 26.0, 2.0, 2.0, 2.0, 60.0] is not in the language.
membershipQuery: [6.0, 26.0, 25.0, 37.0, 37.0, 7.0, 26.0, 26.0, 7.0] is not in the language.
membershipQuery: [50.0, 15.0, 17.0, 17.0, 17.0, 52.0, 15.0, 15.0, 15.0] is not in the language.
membershipQuery: [19.0, 50.0, 39.0, 55.0, 55.0, 28.0, 50.0, 50.0, 39.0] is not in the language.
membershipQuery: [61.0, 5.0, 15.0, 6.0, 6.0, 29.0, 5.0, 5.0, 6.0] is not in the language.
membershipQuery: [58.0, 47.0, 46.0, 19.0, 19.0, 33.0, 47.0, 46.0, 49.0] is not in the language.
membershipQuery: [58.0, 25.0, 32.0, 47.0, 47.0, 44.0, 25.0, 32.0, 58.0] is not in the language.
membershipQuery: [12.0, 51.0, 39.0, 30.0, 30.0, 54.0, 51.0, 39.0, 54.0] is not in the language.
membershipQuery: [60.0, 13.0, 28.0, 23.0, 23.0, 10.0, 13.0, 28.0, 13.0] is not in the language.
membershipQuery: [8.0, 9.0, 27.0, 49.0, 49.0, 13.0, 9.0, 27.0, 27.0] is not in the language.
membershipQuery: [39.0, 13.0, 27.0, 25.0, 25.0, 12.0, 13.0, 27.0, 25.0] is not in the language.
membershipQuery: [15.0, 11.0, 59.0, 3.0, 3.0, 24.0, 11.0, 3.0, 26.0] is not in the language.
membershipQuery: [20.0, 46.0, 2.0, 30.0, 30.0, 55.0, 46.0, 30.0, 20.0] is not in the language.
membershipQuery: [31.0, 17.0, 35.0, 19.0, 19.0, 16.0, 17.0, 19.0, 16.0] is not in the language.
membershipQuery: [13.0, 59.0, 29.0, 37.0, 37.0, 9.0, 59.0, 37.0, 59.0] is not in the language.
membershipQuery: [54.0, 19.0, 25.0, 59.0, 59.0, 37.0, 19.0, 59.0, 25.0] is not in the language.
membershipQuery: [59.0, 54.0, 9.0, 14.0, 14.0, 6.0, 54.0, 14.0, 14.0] is not in the language.
DIAMOND: No. of qCount: 285  No. of memQ count: 8  No. of EquivQ count: 6  No. of adversarial memQ: 45  No. of adversarial EquivQ: 2  No. of adversarial examples: 47  Time: 724.1708929538727
membershipQuery: FOUND MISMATCH FOR [22.0, 9.0, 56.0, 60.0, 60.0, 2.0, 2.0, 20.0, 5.0, 39.0], rnn: [1.] and GT: False
Execution time: 724.1720 seconds
membershipQuery: [22.0, 9.0, 56.0, 60.0, 60.0, 2.0, 2.0, 20.0, 5.0, 39.0] is in the language.
membershipQuery: [48.0, 53.0, 43.0, 19.0, 19.0, 25.0, 25.0, 22.0, 56.0, 48.0] is not in the language.
membershipQuery: [18.0, 40.0, 6.0, 10.0, 10.0, 37.0, 37.0, 24.0, 51.0, 37.0] is not in the language.
membershipQuery: [5.0, 37.0, 0.0, 40.0, 40.0, 46.0, 46.0, 16.0, 37.0, 37.0] is not in the language.
membershipQuery: FOUND MISMATCH FOR [5.0, 17.0, 61.0, 43.0, 43.0, 47.0, 47.0, 20.0, 6.0, 6.0], rnn: [1.] and GT: False
Execution time: 724.1753 seconds
membershipQuery: [5.0, 17.0, 61.0, 43.0, 43.0, 47.0, 47.0, 20.0, 6.0, 6.0] is in the language.
membershipQuery: [41.0, 27.0, 18.0, 7.0, 7.0, 57.0, 57.0, 12.0, 0.0, 18.0] is not in the language.
membershipQuery: [34.0, 54.0, 61.0, 55.0, 55.0, 50.0, 50.0, 8.0, 19.0, 55.0] is not in the language.
membershipQuery: [43.0, 47.0, 34.0, 47.0, 47.0, 21.0, 21.0, 36.0, 15.0, 36.0] is not in the language.
membershipQuery: FOUND MISMATCH FOR [59.0, 38.0, 47.0, 0.0, 0.0, 47.0, 47.0, 10.0, 59.0, 8.0], rnn: [1.] and GT: False
Execution time: 724.2103 seconds
membershipQuery: [59.0, 38.0, 47.0, 0.0, 0.0, 47.0, 47.0, 10.0, 59.0, 8.0] is in the language.
membershipQuery: FOUND MISMATCH FOR [43.0, 19.0, 25.0, 10.0, 10.0, 4.0, 4.0, 16.0, 43.0, 43.0], rnn: [1.] and GT: False
Execution time: 724.2112 seconds
membershipQuery: [43.0, 19.0, 25.0, 10.0, 10.0, 4.0, 4.0, 16.0, 43.0, 43.0] is in the language.
membershipQuery: FOUND MISMATCH FOR [8.0, 11.0, 30.0, 49.0, 49.0, 24.0, 24.0, 54.0, 8.0, 24.0], rnn: [1.] and GT: False
Execution time: 724.2120 seconds
membershipQuery: [8.0, 11.0, 30.0, 49.0, 49.0, 24.0, 24.0, 54.0, 8.0, 24.0] is in the language.
membershipQuery: [25.0, 51.0, 44.0, 46.0, 46.0, 42.0, 42.0, 19.0, 25.0, 51.0] is not in the language.
membershipQuery: [34.0, 11.0, 19.0, 15.0, 15.0, 55.0, 55.0, 57.0, 34.0, 19.0] is not in the language.
membershipQuery: FOUND MISMATCH FOR [53.0, 26.0, 24.0, 22.0, 22.0, 9.0, 9.0, 23.0, 53.0, 22.0], rnn: [1.] and GT: False
Execution time: 724.2144 seconds
membershipQuery: [53.0, 26.0, 24.0, 22.0, 22.0, 9.0, 9.0, 23.0, 53.0, 22.0] is in the language.
membershipQuery: [13.0, 12.0, 18.0, 3.0, 3.0, 34.0, 34.0, 60.0, 13.0, 60.0] is not in the language.
membershipQuery: FOUND MISMATCH FOR [17.0, 15.0, 0.0, 46.0, 46.0, 56.0, 56.0, 61.0, 56.0, 32.0], rnn: [1.] and GT: False
Execution time: 724.2476 seconds
membershipQuery: [17.0, 15.0, 0.0, 46.0, 46.0, 56.0, 56.0, 61.0, 56.0, 32.0] is in the language.
membershipQuery: FOUND MISMATCH FOR [40.0, 37.0, 22.0, 12.0, 12.0, 41.0, 41.0, 25.0, 41.0, 40.0], rnn: [1.] and GT: False
Execution time: 724.2485 seconds
membershipQuery: [40.0, 37.0, 22.0, 12.0, 12.0, 41.0, 41.0, 25.0, 41.0, 40.0] is in the language.
membershipQuery: FOUND MISMATCH FOR [3.0, 46.0, 32.0, 42.0, 42.0, 22.0, 22.0, 6.0, 22.0, 22.0], rnn: [1.] and GT: False
Execution time: 724.2493 seconds
membershipQuery: [3.0, 46.0, 32.0, 42.0, 42.0, 22.0, 22.0, 6.0, 22.0, 22.0] is in the language.
membershipQuery: [16.0, 51.0, 1.0, 55.0, 55.0, 9.0, 9.0, 29.0, 9.0, 51.0] is not in the language.
membershipQuery: [11.0, 27.0, 45.0, 26.0, 26.0, 45.0, 45.0, 61.0, 45.0, 45.0] is not in the language.
membershipQuery: FOUND MISMATCH FOR [22.0, 3.0, 38.0, 43.0, 43.0, 12.0, 12.0, 48.0, 12.0, 43.0], rnn: [1.] and GT: False
Execution time: 724.2517 seconds
membershipQuery: [22.0, 3.0, 38.0, 43.0, 43.0, 12.0, 12.0, 48.0, 12.0, 43.0] is in the language.
membershipQuery: FOUND MISMATCH FOR [16.0, 52.0, 55.0, 5.0, 5.0, 20.0, 20.0, 49.0, 20.0, 49.0], rnn: [1.] and GT: False
Execution time: 724.2525 seconds
membershipQuery: [16.0, 52.0, 55.0, 5.0, 5.0, 20.0, 20.0, 49.0, 20.0, 49.0] is in the language.
membershipQuery: FOUND MISMATCH FOR [4.0, 44.0, 11.0, 49.0, 49.0, 29.0, 29.0, 25.0, 44.0, 32.0], rnn: [1.] and GT: False
Execution time: 724.2835 seconds
membershipQuery: [4.0, 44.0, 11.0, 49.0, 49.0, 29.0, 29.0, 25.0, 44.0, 32.0] is in the language.
membershipQuery: [13.0, 45.0, 11.0, 35.0, 35.0, 12.0, 12.0, 49.0, 45.0, 13.0] is not in the language.
membershipQuery: FOUND MISMATCH FOR [44.0, 42.0, 28.0, 27.0, 27.0, 56.0, 56.0, 10.0, 42.0, 56.0], rnn: [1.] and GT: False
Execution time: 724.2852 seconds
membershipQuery: [44.0, 42.0, 28.0, 27.0, 27.0, 56.0, 56.0, 10.0, 42.0, 56.0] is in the language.
membershipQuery: FOUND MISMATCH FOR [3.0, 37.0, 56.0, 5.0, 5.0, 19.0, 19.0, 18.0, 37.0, 37.0], rnn: [1.] and GT: False
Execution time: 724.2860 seconds
membershipQuery: [3.0, 37.0, 56.0, 5.0, 5.0, 19.0, 19.0, 18.0, 37.0, 37.0] is in the language.
membershipQuery: [48.0, 15.0, 33.0, 17.0, 17.0, 30.0, 30.0, 24.0, 15.0, 33.0] is not in the language.
membershipQuery: [61.0, 56.0, 49.0, 53.0, 53.0, 51.0, 51.0, 11.0, 56.0, 53.0] is not in the language.
membershipQuery: FOUND MISMATCH FOR [6.0, 59.0, 35.0, 59.0, 59.0, 52.0, 52.0, 31.0, 59.0, 31.0], rnn: [1.] and GT: False
Execution time: 724.2884 seconds
membershipQuery: [6.0, 59.0, 35.0, 59.0, 59.0, 52.0, 52.0, 31.0, 59.0, 31.0] is in the language.
membershipQuery: [40.0, 27.0, 16.0, 21.0, 21.0, 54.0, 54.0, 9.0, 16.0, 26.0] is not in the language.
membershipQuery: FOUND MISMATCH FOR [50.0, 35.0, 17.0, 5.0, 5.0, 13.0, 13.0, 22.0, 17.0, 50.0], rnn: [1.] and GT: False
Execution time: 724.3205 seconds
membershipQuery: [50.0, 35.0, 17.0, 5.0, 5.0, 13.0, 13.0, 22.0, 17.0, 50.0] is in the language.
membershipQuery: [25.0, 11.0, 4.0, 27.0, 27.0, 29.0, 29.0, 39.0, 4.0, 29.0] is not in the language.
membershipQuery: FOUND MISMATCH FOR [2.0, 12.0, 29.0, 24.0, 24.0, 18.0, 18.0, 16.0, 29.0, 12.0], rnn: [1.] and GT: False
Execution time: 724.3222 seconds
membershipQuery: [2.0, 12.0, 29.0, 24.0, 24.0, 18.0, 18.0, 16.0, 29.0, 12.0] is in the language.
membershipQuery: [34.0, 28.0, 1.0, 45.0, 45.0, 6.0, 6.0, 20.0, 1.0, 1.0] is not in the language.
membershipQuery: FOUND MISMATCH FOR [34.0, 35.0, 16.0, 46.0, 46.0, 57.0, 57.0, 56.0, 16.0, 46.0], rnn: [1.] and GT: False
Execution time: 724.3238 seconds
membershipQuery: [34.0, 35.0, 16.0, 46.0, 46.0, 57.0, 57.0, 56.0, 16.0, 46.0] is in the language.
membershipQuery: [7.0, 39.0, 38.0, 17.0, 17.0, 23.0, 23.0, 1.0, 38.0, 1.0] is not in the language.
membershipQuery: FOUND MISMATCH FOR [0.0, 44.0, 41.0, 8.0, 8.0, 2.0, 2.0, 1.0, 8.0, 59.0], rnn: [1.] and GT: False
Execution time: 724.3555 seconds
membershipQuery: [0.0, 44.0, 41.0, 8.0, 8.0, 2.0, 2.0, 1.0, 8.0, 59.0] is in the language.
membershipQuery: [17.0, 46.0, 39.0, 0.0, 0.0, 45.0, 45.0, 31.0, 0.0, 17.0] is not in the language.
membershipQuery: [4.0, 36.0, 27.0, 9.0, 9.0, 5.0, 5.0, 26.0, 9.0, 5.0] is not in the language.
membershipQuery: FOUND MISMATCH FOR [37.0, 61.0, 49.0, 10.0, 10.0, 23.0, 23.0, 48.0, 10.0, 61.0], rnn: [1.] and GT: False
Execution time: 724.3579 seconds
membershipQuery: [37.0, 61.0, 49.0, 10.0, 10.0, 23.0, 23.0, 48.0, 10.0, 61.0] is in the language.
membershipQuery: FOUND MISMATCH FOR [43.0, 45.0, 53.0, 52.0, 52.0, 21.0, 21.0, 54.0, 52.0, 53.0], rnn: [1.] and GT: False
Execution time: 724.3588 seconds
membershipQuery: [43.0, 45.0, 53.0, 52.0, 52.0, 21.0, 21.0, 54.0, 52.0, 53.0] is in the language.
membershipQuery: FOUND MISMATCH FOR [26.0, 39.0, 24.0, 36.0, 36.0, 3.0, 3.0, 25.0, 36.0, 36.0], rnn: [1.] and GT: False
Execution time: 724.3596 seconds
membershipQuery: [26.0, 39.0, 24.0, 36.0, 36.0, 3.0, 3.0, 25.0, 36.0, 36.0] is in the language.
membershipQuery: FOUND MISMATCH FOR [33.0, 15.0, 21.0, 55.0, 55.0, 60.0, 60.0, 55.0, 55.0, 55.0], rnn: [1.] and GT: False
Execution time: 724.3604 seconds
membershipQuery: [33.0, 15.0, 21.0, 55.0, 55.0, 60.0, 60.0, 55.0, 55.0, 55.0] is in the language.
membershipQuery: FOUND MISMATCH FOR [54.0, 59.0, 39.0, 25.0, 25.0, 37.0, 37.0, 53.0, 53.0, 6.0], rnn: [1.] and GT: False
Execution time: 724.3914 seconds
membershipQuery: [54.0, 59.0, 39.0, 25.0, 25.0, 37.0, 37.0, 53.0, 53.0, 6.0] is in the language.
membershipQuery: [46.0, 21.0, 54.0, 0.0, 0.0, 46.0, 46.0, 4.0, 4.0, 46.0] is not in the language.
membershipQuery: FOUND MISMATCH FOR [25.0, 47.0, 22.0, 12.0, 12.0, 41.0, 41.0, 19.0, 19.0, 41.0], rnn: [1.] and GT: False
Execution time: 724.3931 seconds
membershipQuery: [25.0, 47.0, 22.0, 12.0, 12.0, 41.0, 41.0, 19.0, 19.0, 41.0] is in the language.
membershipQuery: [24.0, 44.0, 59.0, 53.0, 53.0, 23.0, 23.0, 24.0, 24.0, 44.0] is not in the language.
membershipQuery: [3.0, 34.0, 3.0, 44.0, 44.0, 36.0, 36.0, 53.0, 53.0, 3.0] is not in the language.
membershipQuery: [18.0, 18.0, 33.0, 25.0, 25.0, 25.0, 25.0, 28.0, 28.0, 25.0] is not in the language.
membershipQuery: FOUND MISMATCH FOR [8.0, 50.0, 14.0, 56.0, 56.0, 34.0, 34.0, 57.0, 57.0, 57.0], rnn: [1.] and GT: False
Execution time: 724.3962 seconds
membershipQuery: [8.0, 50.0, 14.0, 56.0, 56.0, 34.0, 34.0, 57.0, 57.0, 57.0] is in the language.
membershipQuery: FOUND MISMATCH FOR [16.0, 20.0, 10.0, 3.0, 3.0, 24.0, 20.0, 24.0, 41.0, 22.0], rnn: [1.] and GT: False
Execution time: 1155.9867 seconds
membershipQuery: [16.0, 20.0, 10.0, 3.0, 3.0, 24.0, 20.0, 24.0, 41.0, 22.0] is in the language.
membershipQuery: [44.0, 31.0, 32.0, 45.0, 45.0, 34.0, 31.0, 34.0, 30.0, 44.0] is not in the language.
membershipQuery: [20.0, 53.0, 20.0, 47.0, 47.0, 18.0, 53.0, 18.0, 56.0, 18.0] is not in the language.
membershipQuery: [26.0, 2.0, 18.0, 24.0, 24.0, 46.0, 2.0, 46.0, 61.0, 2.0] is not in the language.
membershipQuery: FOUND MISMATCH FOR [29.0, 26.0, 22.0, 32.0, 32.0, 5.0, 26.0, 5.0, 11.0, 22.0], rnn: [1.] and GT: False
Execution time: 1155.9900 seconds
membershipQuery: [29.0, 26.0, 22.0, 32.0, 32.0, 5.0, 26.0, 5.0, 11.0, 22.0] is in the language.
membershipQuery: FOUND MISMATCH FOR [21.0, 40.0, 57.0, 4.0, 4.0, 60.0, 40.0, 60.0, 58.0, 4.0], rnn: [1.] and GT: False
Execution time: 1155.9908 seconds
membershipQuery: [21.0, 40.0, 57.0, 4.0, 4.0, 60.0, 40.0, 60.0, 58.0, 4.0] is in the language.
membershipQuery: FOUND MISMATCH FOR [23.0, 13.0, 29.0, 55.0, 55.0, 18.0, 13.0, 18.0, 26.0, 26.0], rnn: [1.] and GT: False
Execution time: 1155.9917 seconds
membershipQuery: [23.0, 13.0, 29.0, 55.0, 55.0, 18.0, 13.0, 18.0, 26.0, 26.0] is in the language.
membershipQuery: [37.0, 34.0, 10.0, 46.0, 46.0, 32.0, 34.0, 32.0, 37.0, 37.0] is not in the language.
membershipQuery: FOUND MISMATCH FOR [27.0, 52.0, 46.0, 14.0, 14.0, 32.0, 52.0, 32.0, 27.0, 27.0], rnn: [1.] and GT: False
Execution time: 1156.0187 seconds
membershipQuery: [27.0, 52.0, 46.0, 14.0, 14.0, 32.0, 52.0, 32.0, 27.0, 27.0] is in the language.
membershipQuery: [57.0, 3.0, 42.0, 55.0, 55.0, 11.0, 3.0, 11.0, 57.0, 11.0] is not in the language.
membershipQuery: [53.0, 9.0, 43.0, 50.0, 50.0, 41.0, 9.0, 41.0, 53.0, 9.0] is not in the language.
membershipQuery: FOUND MISMATCH FOR [1.0, 38.0, 14.0, 19.0, 19.0, 33.0, 38.0, 33.0, 1.0, 14.0], rnn: [1.] and GT: False
Execution time: 1156.0212 seconds
membershipQuery: [1.0, 38.0, 14.0, 19.0, 19.0, 33.0, 38.0, 33.0, 1.0, 14.0] is in the language.
membershipQuery: FOUND MISMATCH FOR [16.0, 40.0, 30.0, 45.0, 45.0, 56.0, 40.0, 56.0, 16.0, 45.0], rnn: [1.] and GT: False
Execution time: 1156.0221 seconds
membershipQuery: [16.0, 40.0, 30.0, 45.0, 45.0, 56.0, 40.0, 56.0, 16.0, 45.0] is in the language.
membershipQuery: [30.0, 16.0, 1.0, 56.0, 56.0, 49.0, 16.0, 49.0, 49.0, 48.0] is not in the language.
membershipQuery: FOUND MISMATCH FOR [16.0, 3.0, 53.0, 30.0, 30.0, 29.0, 3.0, 29.0, 29.0, 16.0], rnn: [1.] and GT: False
Execution time: 1156.0501 seconds
membershipQuery: [16.0, 3.0, 53.0, 30.0, 30.0, 29.0, 3.0, 29.0, 29.0, 16.0] is in the language.
membershipQuery: [28.0, 51.0, 50.0, 15.0, 15.0, 9.0, 51.0, 9.0, 9.0, 9.0] is not in the language.
membershipQuery: FOUND MISMATCH FOR [45.0, 37.0, 49.0, 23.0, 23.0, 14.0, 37.0, 14.0, 14.0, 37.0], rnn: [1.] and GT: False
Execution time: 1156.0518 seconds
membershipQuery: [45.0, 37.0, 49.0, 23.0, 23.0, 14.0, 37.0, 14.0, 14.0, 37.0] is in the language.
membershipQuery: [4.0, 1.0, 51.0, 35.0, 35.0, 61.0, 1.0, 61.0, 61.0, 51.0] is not in the language.
membershipQuery: FOUND MISMATCH FOR [57.0, 27.0, 61.0, 15.0, 15.0, 26.0, 27.0, 26.0, 26.0, 15.0], rnn: [1.] and GT: False
Execution time: 1156.0535 seconds
membershipQuery: [57.0, 27.0, 61.0, 15.0, 15.0, 26.0, 27.0, 26.0, 26.0, 15.0] is in the language.
membershipQuery: FOUND MISMATCH FOR [15.0, 38.0, 18.0, 1.0, 1.0, 5.0, 38.0, 5.0, 38.0, 38.0], rnn: [1.] and GT: False
Execution time: 1156.0803 seconds
membershipQuery: [15.0, 38.0, 18.0, 1.0, 1.0, 5.0, 38.0, 5.0, 38.0, 38.0] is in the language.
membershipQuery: [58.0, 40.0, 13.0, 47.0, 47.0, 48.0, 40.0, 48.0, 40.0, 58.0] is not in the language.
membershipQuery: [33.0, 59.0, 36.0, 56.0, 56.0, 28.0, 59.0, 28.0, 59.0, 28.0] is not in the language.
membershipQuery: [15.0, 61.0, 55.0, 49.0, 49.0, 32.0, 61.0, 32.0, 61.0, 61.0] is not in the language.
membershipQuery: [40.0, 22.0, 18.0, 6.0, 6.0, 23.0, 22.0, 23.0, 22.0, 18.0] is not in the language.
membershipQuery: FOUND MISMATCH FOR [27.0, 35.0, 1.0, 45.0, 45.0, 8.0, 35.0, 8.0, 35.0, 45.0], rnn: [1.] and GT: False
Execution time: 1156.0843 seconds
membershipQuery: [27.0, 35.0, 1.0, 45.0, 45.0, 8.0, 35.0, 8.0, 35.0, 45.0] is in the language.
membershipQuery: FOUND MISMATCH FOR [33.0, 29.0, 25.0, 59.0, 59.0, 17.0, 29.0, 17.0, 25.0, 36.0], rnn: [1.] and GT: False
Execution time: 1156.1113 seconds
membershipQuery: [33.0, 29.0, 25.0, 59.0, 59.0, 17.0, 29.0, 17.0, 25.0, 36.0] is in the language.
membershipQuery: FOUND MISMATCH FOR [1.0, 47.0, 11.0, 25.0, 25.0, 60.0, 47.0, 60.0, 11.0, 1.0], rnn: [1.] and GT: False
Execution time: 1156.1122 seconds
membershipQuery: [1.0, 47.0, 11.0, 25.0, 25.0, 60.0, 47.0, 60.0, 11.0, 1.0] is in the language.
membershipQuery: FOUND MISMATCH FOR [27.0, 34.0, 52.0, 21.0, 21.0, 10.0, 34.0, 10.0, 52.0, 10.0], rnn: [1.] and GT: False
Execution time: 1156.1131 seconds
membershipQuery: [27.0, 34.0, 52.0, 21.0, 21.0, 10.0, 34.0, 10.0, 52.0, 10.0] is in the language.
membershipQuery: [16.0, 39.0, 17.0, 47.0, 47.0, 41.0, 39.0, 41.0, 17.0, 39.0] is not in the language.
membershipQuery: FOUND MISMATCH FOR [30.0, 23.0, 50.0, 36.0, 36.0, 4.0, 23.0, 4.0, 50.0, 50.0], rnn: [1.] and GT: False
Execution time: 1156.1147 seconds
membershipQuery: [30.0, 23.0, 50.0, 36.0, 36.0, 4.0, 23.0, 4.0, 50.0, 50.0] is in the language.
membershipQuery: FOUND MISMATCH FOR [58.0, 25.0, 48.0, 9.0, 9.0, 15.0, 25.0, 15.0, 48.0, 9.0], rnn: [1.] and GT: False
Execution time: 1156.1155 seconds
membershipQuery: [58.0, 25.0, 48.0, 9.0, 9.0, 15.0, 25.0, 15.0, 48.0, 9.0] is in the language.
membershipQuery: FOUND MISMATCH FOR [24.0, 48.0, 18.0, 31.0, 31.0, 49.0, 48.0, 49.0, 31.0, 44.0], rnn: [1.] and GT: False
Execution time: 1156.1424 seconds
membershipQuery: [24.0, 48.0, 18.0, 31.0, 31.0, 49.0, 48.0, 49.0, 31.0, 44.0] is in the language.
membershipQuery: [15.0, 21.0, 29.0, 0.0, 0.0, 39.0, 21.0, 39.0, 0.0, 15.0] is not in the language.
membershipQuery: FOUND MISMATCH FOR [20.0, 0.0, 58.0, 44.0, 44.0, 2.0, 0.0, 2.0, 44.0, 2.0], rnn: [1.] and GT: False
Execution time: 1156.1441 seconds
membershipQuery: [20.0, 0.0, 58.0, 44.0, 44.0, 2.0, 0.0, 2.0, 44.0, 2.0] is in the language.
membershipQuery: FOUND MISMATCH FOR [23.0, 32.0, 54.0, 24.0, 24.0, 19.0, 32.0, 19.0, 24.0, 32.0], rnn: [1.] and GT: False
Execution time: 1156.1450 seconds
membershipQuery: [23.0, 32.0, 54.0, 24.0, 24.0, 19.0, 32.0, 19.0, 24.0, 32.0] is in the language.
membershipQuery: FOUND MISMATCH FOR [31.0, 57.0, 58.0, 19.0, 19.0, 46.0, 57.0, 46.0, 19.0, 58.0], rnn: [1.] and GT: False
Execution time: 1156.1459 seconds
membershipQuery: [31.0, 57.0, 58.0, 19.0, 19.0, 46.0, 57.0, 46.0, 19.0, 58.0] is in the language.
membershipQuery: FOUND MISMATCH FOR [29.0, 35.0, 31.0, 8.0, 8.0, 7.0, 35.0, 7.0, 8.0, 8.0], rnn: [1.] and GT: False
Execution time: 1156.1468 seconds
membershipQuery: [29.0, 35.0, 31.0, 8.0, 8.0, 7.0, 35.0, 7.0, 8.0, 8.0] is in the language.
membershipQuery: [53.0, 19.0, 11.0, 48.0, 48.0, 23.0, 23.0, 4.0, 25.0, 8.0, 47.0] is not in the language.
membershipQuery: [29.0, 8.0, 52.0, 42.0, 42.0, 3.0, 3.0, 37.0, 32.0, 58.0, 29.0] is not in the language.
membershipQuery: [14.0, 39.0, 4.0, 55.0, 55.0, 12.0, 12.0, 1.0, 26.0, 54.0, 12.0] is not in the language.
membershipQuery: [36.0, 30.0, 45.0, 15.0, 15.0, 56.0, 56.0, 56.0, 5.0, 41.0, 30.0] is not in the language.
membershipQuery: [4.0, 2.0, 34.0, 44.0, 44.0, 59.0, 59.0, 18.0, 52.0, 40.0, 52.0] is not in the language.
membershipQuery: [47.0, 39.0, 35.0, 29.0, 29.0, 30.0, 30.0, 23.0, 32.0, 49.0, 35.0] is not in the language.
membershipQuery: [16.0, 40.0, 29.0, 30.0, 30.0, 25.0, 25.0, 31.0, 27.0, 18.0, 30.0] is not in the language.
membershipQuery: [25.0, 49.0, 10.0, 46.0, 46.0, 49.0, 49.0, 34.0, 29.0, 28.0, 34.0] is not in the language.
membershipQuery: [54.0, 42.0, 14.0, 49.0, 49.0, 24.0, 24.0, 44.0, 29.0, 18.0, 18.0] is not in the language.
membershipQuery: [20.0, 43.0, 36.0, 24.0, 24.0, 16.0, 16.0, 32.0, 43.0, 20.0, 59.0] is not in the language.
membershipQuery: [38.0, 46.0, 4.0, 2.0, 2.0, 14.0, 14.0, 50.0, 8.0, 38.0, 38.0] is not in the language.
membershipQuery: [45.0, 22.0, 11.0, 25.0, 25.0, 3.0, 3.0, 55.0, 2.0, 45.0, 3.0] is not in the language.
membershipQuery: [15.0, 11.0, 44.0, 36.0, 36.0, 31.0, 31.0, 39.0, 44.0, 15.0, 11.0] is not in the language.
membershipQuery: [30.0, 29.0, 60.0, 42.0, 42.0, 34.0, 34.0, 34.0, 50.0, 30.0, 50.0] is not in the language.
membershipQuery: [54.0, 48.0, 13.0, 46.0, 46.0, 53.0, 53.0, 7.0, 7.0, 54.0, 13.0] is not in the language.
membershipQuery: [54.0, 5.0, 16.0, 14.0, 14.0, 13.0, 13.0, 23.0, 41.0, 54.0, 14.0] is not in the language.
membershipQuery: [3.0, 4.0, 4.0, 35.0, 35.0, 29.0, 29.0, 11.0, 54.0, 3.0, 11.0] is not in the language.
membershipQuery: FOUND MISMATCH FOR [9.0, 22.0, 7.0, 17.0, 17.0, 12.0, 12.0, 53.0, 0.0, 12.0, 25.0], rnn: [1.] and GT: False
Execution time: 2673.8470 seconds
membershipQuery: [9.0, 22.0, 7.0, 17.0, 17.0, 12.0, 12.0, 53.0, 0.0, 12.0, 25.0] is in the language.
membershipQuery: [5.0, 50.0, 43.0, 15.0, 15.0, 7.0, 7.0, 12.0, 34.0, 7.0, 5.0] is not in the language.
membershipQuery: FOUND MISMATCH FOR [60.0, 0.0, 20.0, 47.0, 47.0, 52.0, 52.0, 18.0, 4.0, 52.0, 52.0], rnn: [1.] and GT: False
Execution time: 2673.8489 seconds
membershipQuery: [60.0, 0.0, 20.0, 47.0, 47.0, 52.0, 52.0, 18.0, 4.0, 52.0, 52.0] is in the language.
membershipQuery: [47.0, 31.0, 46.0, 1.0, 1.0, 45.0, 45.0, 13.0, 47.0, 45.0, 31.0] is not in the language.
membershipQuery: [48.0, 7.0, 39.0, 54.0, 54.0, 24.0, 24.0, 51.0, 54.0, 24.0, 54.0] is not in the language.
membershipQuery: [42.0, 15.0, 57.0, 8.0, 8.0, 34.0, 34.0, 28.0, 47.0, 34.0, 57.0] is not in the language.
membershipQuery: [44.0, 39.0, 48.0, 1.0, 1.0, 58.0, 58.0, 42.0, 6.0, 58.0, 1.0] is not in the language.
membershipQuery: [38.0, 50.0, 35.0, 52.0, 52.0, 40.0, 40.0, 30.0, 31.0, 40.0, 30.0] is not in the language.
membershipQuery: [39.0, 26.0, 53.0, 10.0, 10.0, 4.0, 4.0, 11.0, 19.0, 26.0, 57.0] is not in the language.
membershipQuery: [50.0, 40.0, 42.0, 24.0, 24.0, 8.0, 8.0, 17.0, 30.0, 40.0, 50.0] is not in the language.
membershipQuery: [53.0, 54.0, 15.0, 36.0, 36.0, 10.0, 10.0, 26.0, 25.0, 54.0, 10.0] is not in the language.
membershipQuery: [35.0, 14.0, 7.0, 32.0, 32.0, 38.0, 38.0, 24.0, 58.0, 14.0, 14.0] is not in the language.
membershipQuery: [61.0, 54.0, 39.0, 10.0, 10.0, 41.0, 41.0, 23.0, 7.0, 54.0, 7.0] is not in the language.
membershipQuery: [15.0, 6.0, 26.0, 47.0, 47.0, 8.0, 8.0, 21.0, 10.0, 6.0, 26.0] is not in the language.
membershipQuery: [30.0, 16.0, 51.0, 20.0, 20.0, 13.0, 13.0, 54.0, 2.0, 16.0, 20.0] is not in the language.
membershipQuery: [10.0, 35.0, 11.0, 58.0, 58.0, 9.0, 9.0, 48.0, 60.0, 35.0, 48.0] is not in the language.
membershipQuery: [16.0, 7.0, 7.0, 54.0, 54.0, 30.0, 30.0, 6.0, 44.0, 44.0, 35.0] is not in the language.
membershipQuery: [42.0, 9.0, 31.0, 46.0, 46.0, 11.0, 11.0, 35.0, 39.0, 39.0, 42.0] is not in the language.
membershipQuery: FOUND MISMATCH FOR [24.0, 43.0, 0.0, 33.0, 33.0, 61.0, 61.0, 36.0, 7.0, 7.0, 61.0], rnn: [1.] and GT: False
Execution time: 2673.9399 seconds
membershipQuery: [24.0, 43.0, 0.0, 33.0, 33.0, 61.0, 61.0, 36.0, 7.0, 7.0, 61.0] is in the language.
membershipQuery: [6.0, 49.0, 46.0, 34.0, 34.0, 26.0, 26.0, 25.0, 2.0, 2.0, 49.0] is not in the language.
membershipQuery: [9.0, 38.0, 24.0, 0.0, 0.0, 7.0, 7.0, 31.0, 33.0, 33.0, 33.0] is not in the language.
membershipQuery: [15.0, 29.0, 20.0, 43.0, 43.0, 13.0, 13.0, 32.0, 21.0, 21.0, 20.0] is not in the language.
membershipQuery: [12.0, 6.0, 6.0, 49.0, 49.0, 2.0, 2.0, 36.0, 5.0, 5.0, 49.0] is not in the language.
membershipQuery: [43.0, 40.0, 51.0, 33.0, 33.0, 14.0, 14.0, 55.0, 11.0, 11.0, 55.0] is not in the language.
membershipQuery: [2.0, 29.0, 26.0, 36.0, 36.0, 5.0, 5.0, 31.0, 8.0, 26.0, 33.0] is not in the language.
membershipQuery: [8.0, 45.0, 48.0, 32.0, 32.0, 27.0, 27.0, 51.0, 34.0, 48.0, 8.0] is not in the language.
membershipQuery: [17.0, 9.0, 30.0, 52.0, 52.0, 38.0, 38.0, 28.0, 18.0, 30.0, 38.0] is not in the language.
membershipQuery: [17.0, 4.0, 16.0, 25.0, 25.0, 31.0, 31.0, 53.0, 31.0, 16.0, 4.0] is not in the language.
membershipQuery: [48.0, 52.0, 33.0, 13.0, 13.0, 56.0, 56.0, 26.0, 42.0, 33.0, 42.0] is not in the language.
membershipQuery: [7.0, 7.0, 35.0, 3.0, 3.0, 41.0, 41.0, 45.0, 11.0, 35.0, 35.0] is not in the language.
membershipQuery: [55.0, 7.0, 47.0, 53.0, 53.0, 11.0, 11.0, 47.0, 11.0, 47.0, 53.0] is not in the language.
membershipQuery: [35.0, 58.0, 55.0, 2.0, 2.0, 5.0, 5.0, 18.0, 26.0, 55.0, 18.0] is not in the language.
membershipQuery: [28.0, 32.0, 4.0, 1.0, 1.0, 0.0, 0.0, 44.0, 31.0, 1.0, 37.0] is not in the language.
membershipQuery: [39.0, 37.0, 52.0, 47.0, 47.0, 46.0, 46.0, 11.0, 60.0, 47.0, 39.0] is not in the language.
membershipQuery: FOUND MISMATCH FOR [29.0, 46.0, 0.0, 52.0, 52.0, 47.0, 47.0, 46.0, 38.0, 52.0, 47.0], rnn: [1.] and GT: False
Execution time: 2674.0255 seconds
membershipQuery: [29.0, 46.0, 0.0, 52.0, 52.0, 47.0, 47.0, 46.0, 38.0, 52.0, 47.0] is in the language.
membershipQuery: [51.0, 41.0, 14.0, 1.0, 1.0, 17.0, 17.0, 50.0, 50.0, 1.0, 41.0] is not in the language.
membershipQuery: [9.0, 37.0, 33.0, 17.0, 17.0, 32.0, 32.0, 1.0, 59.0, 17.0, 59.0] is not in the language.
membershipQuery: [11.0, 30.0, 48.0, 40.0, 40.0, 8.0, 8.0, 38.0, 49.0, 40.0, 48.0] is not in the language.
membershipQuery: [27.0, 56.0, 60.0, 1.0, 1.0, 53.0, 53.0, 1.0, 46.0, 1.0, 1.0] is not in the language.
membershipQuery: [5.0, 11.0, 17.0, 25.0, 25.0, 46.0, 46.0, 59.0, 13.0, 25.0, 59.0] is not in the language.
membershipQuery: [30.0, 14.0, 50.0, 20.0, 20.0, 19.0, 19.0, 28.0, 28.0, 28.0, 31.0] is not in the language.
membershipQuery: [8.0, 26.0, 20.0, 37.0, 37.0, 34.0, 34.0, 60.0, 8.0, 60.0, 8.0] is not in the language.
membershipQuery: [59.0, 29.0, 44.0, 60.0, 60.0, 31.0, 31.0, 52.0, 38.0, 52.0, 31.0] is not in the language.
membershipQuery: [18.0, 31.0, 2.0, 31.0, 31.0, 43.0, 43.0, 4.0, 33.0, 4.0, 31.0] is not in the language.
membershipQuery: [13.0, 39.0, 11.0, 41.0, 41.0, 5.0, 5.0, 23.0, 31.0, 23.0, 31.0] is not in the language.
membershipQuery: [51.0, 39.0, 24.0, 52.0, 52.0, 44.0, 44.0, 29.0, 55.0, 29.0, 24.0] is not in the language.
membershipQuery: [24.0, 21.0, 36.0, 49.0, 49.0, 7.0, 7.0, 45.0, 54.0, 45.0, 49.0] is not in the language.
membershipQuery: [4.0, 38.0, 9.0, 14.0, 14.0, 8.0, 8.0, 37.0, 47.0, 37.0, 37.0] is not in the language.
membershipQuery: [6.0, 32.0, 31.0, 57.0, 57.0, 20.0, 20.0, 1.0, 6.0, 47.0, 51.0] is not in the language.
membershipQuery: [46.0, 9.0, 10.0, 29.0, 29.0, 0.0, 0.0, 16.0, 46.0, 1.0, 46.0] is not in the language.
membershipQuery: [5.0, 42.0, 6.0, 26.0, 26.0, 36.0, 36.0, 12.0, 5.0, 61.0, 36.0] is not in the language.
membershipQuery: [44.0, 6.0, 10.0, 46.0, 46.0, 16.0, 16.0, 36.0, 44.0, 59.0, 6.0] is not in the language.
membershipQuery: [60.0, 38.0, 12.0, 61.0, 61.0, 31.0, 31.0, 45.0, 60.0, 28.0, 28.0] is not in the language.
membershipQuery: [36.0, 47.0, 28.0, 61.0, 61.0, 59.0, 59.0, 11.0, 36.0, 46.0, 28.0] is not in the language.
membershipQuery: [49.0, 15.0, 3.0, 53.0, 53.0, 59.0, 59.0, 60.0, 49.0, 17.0, 53.0] is not in the language.
membershipQuery: [15.0, 17.0, 10.0, 11.0, 11.0, 58.0, 58.0, 61.0, 15.0, 27.0, 61.0] is not in the language.
membershipQuery: [19.0, 20.0, 48.0, 10.0, 10.0, 31.0, 31.0, 56.0, 19.0, 19.0, 35.0] is not in the language.
membershipQuery: [5.0, 47.0, 22.0, 31.0, 31.0, 33.0, 33.0, 4.0, 5.0, 5.0, 5.0] is not in the language.
membershipQuery: [30.0, 59.0, 30.0, 59.0, 59.0, 36.0, 36.0, 50.0, 30.0, 30.0, 36.0] is not in the language.
membershipQuery: [21.0, 58.0, 37.0, 57.0, 57.0, 18.0, 18.0, 41.0, 21.0, 21.0, 58.0] is not in the language.
membershipQuery: [27.0, 56.0, 32.0, 36.0, 36.0, 37.0, 37.0, 21.0, 27.0, 27.0, 32.0] is not in the language.
membershipQuery: [4.0, 43.0, 15.0, 50.0, 50.0, 40.0, 40.0, 44.0, 4.0, 4.0, 50.0] is not in the language.
membershipQuery: [39.0, 2.0, 24.0, 55.0, 55.0, 35.0, 35.0, 32.0, 39.0, 39.0, 32.0] is not in the language.
membershipQuery: [55.0, 32.0, 51.0, 38.0, 38.0, 20.0, 20.0, 24.0, 55.0, 20.0, 48.0] is not in the language.
membershipQuery: [36.0, 60.0, 37.0, 40.0, 40.0, 55.0, 55.0, 37.0, 36.0, 55.0, 36.0] is not in the language.
membershipQuery: [53.0, 30.0, 7.0, 18.0, 18.0, 12.0, 12.0, 19.0, 53.0, 12.0, 12.0] is not in the language.
membershipQuery: [45.0, 30.0, 16.0, 51.0, 51.0, 7.0, 7.0, 32.0, 45.0, 7.0, 30.0] is not in the language.
membershipQuery: [49.0, 30.0, 22.0, 32.0, 32.0, 56.0, 56.0, 13.0, 49.0, 56.0, 22.0] is not in the language.
membershipQuery: [21.0, 11.0, 61.0, 6.0, 6.0, 24.0, 24.0, 5.0, 21.0, 24.0, 6.0] is not in the language.
membershipQuery: [46.0, 47.0, 13.0, 30.0, 30.0, 27.0, 27.0, 61.0, 46.0, 27.0, 61.0] is not in the language.
membershipQuery: [40.0, 0.0, 37.0, 0.0, 0.0, 3.0, 3.0, 59.0, 40.0, 0.0, 6.0] is not in the language.
membershipQuery: [5.0, 55.0, 17.0, 9.0, 9.0, 8.0, 8.0, 40.0, 5.0, 55.0, 5.0] is not in the language.
membershipQuery: [1.0, 58.0, 50.0, 59.0, 59.0, 7.0, 7.0, 0.0, 1.0, 58.0, 7.0] is not in the language.
membershipQuery: [60.0, 1.0, 3.0, 9.0, 9.0, 30.0, 30.0, 9.0, 60.0, 1.0, 1.0] is not in the language.
membershipQuery: [6.0, 40.0, 12.0, 60.0, 60.0, 12.0, 12.0, 45.0, 6.0, 40.0, 12.0] is not in the language.
membershipQuery: [50.0, 39.0, 26.0, 56.0, 56.0, 55.0, 55.0, 10.0, 50.0, 39.0, 56.0] is not in the language.
membershipQuery: [22.0, 17.0, 16.0, 6.0, 6.0, 32.0, 32.0, 44.0, 22.0, 17.0, 44.0] is not in the language.
membershipQuery: [21.0, 1.0, 9.0, 49.0, 49.0, 49.0, 49.0, 11.0, 21.0, 9.0, 59.0] is not in the language.
membershipQuery: [29.0, 26.0, 27.0, 16.0, 16.0, 61.0, 61.0, 55.0, 29.0, 27.0, 29.0] is not in the language.
membershipQuery: [33.0, 52.0, 43.0, 33.0, 33.0, 32.0, 32.0, 5.0, 33.0, 43.0, 32.0] is not in the language.
membershipQuery: [4.0, 61.0, 60.0, 21.0, 21.0, 31.0, 31.0, 29.0, 4.0, 60.0, 61.0] is not in the language.
membershipQuery: [25.0, 60.0, 26.0, 25.0, 25.0, 17.0, 17.0, 5.0, 25.0, 26.0, 26.0] is not in the language.
membershipQuery: [4.0, 32.0, 2.0, 28.0, 28.0, 48.0, 48.0, 31.0, 4.0, 2.0, 28.0] is not in the language.
membershipQuery: [4.0, 59.0, 53.0, 45.0, 45.0, 29.0, 29.0, 5.0, 4.0, 53.0, 5.0] is not in the language.
membershipQuery: [2.0, 52.0, 5.0, 16.0, 16.0, 56.0, 56.0, 54.0, 2.0, 16.0, 40.0] is not in the language.
membershipQuery: [52.0, 26.0, 40.0, 29.0, 29.0, 36.0, 36.0, 59.0, 52.0, 29.0, 52.0] is not in the language.
membershipQuery: [34.0, 15.0, 37.0, 14.0, 14.0, 8.0, 8.0, 27.0, 34.0, 14.0, 8.0] is not in the language.
membershipQuery: [7.0, 28.0, 22.0, 31.0, 31.0, 8.0, 8.0, 2.0, 7.0, 31.0, 28.0] is not in the language.
membershipQuery: [0.0, 10.0, 48.0, 47.0, 47.0, 26.0, 26.0, 46.0, 0.0, 47.0, 48.0] is not in the language.
membershipQuery: [4.0, 28.0, 52.0, 5.0, 5.0, 5.0, 5.0, 25.0, 4.0, 5.0, 5.0] is not in the language.
membershipQuery: [60.0, 17.0, 22.0, 32.0, 32.0, 49.0, 49.0, 20.0, 60.0, 32.0, 20.0] is not in the language.
membershipQuery: [38.0, 57.0, 39.0, 20.0, 20.0, 31.0, 31.0, 51.0, 38.0, 51.0, 36.0] is not in the language.
membershipQuery: [52.0, 39.0, 55.0, 20.0, 20.0, 28.0, 28.0, 1.0, 52.0, 1.0, 52.0] is not in the language.
membershipQuery: [31.0, 46.0, 37.0, 27.0, 27.0, 20.0, 20.0, 38.0, 31.0, 38.0, 20.0] is not in the language.
membershipQuery: [56.0, 57.0, 37.0, 24.0, 24.0, 13.0, 13.0, 8.0, 56.0, 8.0, 57.0] is not in the language.
membershipQuery: [44.0, 43.0, 1.0, 10.0, 10.0, 12.0, 12.0, 48.0, 44.0, 48.0, 1.0] is not in the language.
membershipQuery: [12.0, 28.0, 53.0, 14.0, 14.0, 0.0, 0.0, 15.0, 12.0, 15.0, 14.0] is not in the language.
membershipQuery: [52.0, 14.0, 41.0, 28.0, 28.0, 18.0, 18.0, 9.0, 52.0, 9.0, 9.0] is not in the language.
membershipQuery: [48.0, 21.0, 24.0, 15.0, 15.0, 49.0, 49.0, 41.0, 49.0, 34.0, 5.0] is not in the language.
membershipQuery: [27.0, 39.0, 59.0, 56.0, 56.0, 13.0, 13.0, 16.0, 13.0, 16.0, 27.0] is not in the language.
membershipQuery: [16.0, 3.0, 11.0, 56.0, 56.0, 16.0, 16.0, 10.0, 16.0, 35.0, 16.0] is not in the language.
membershipQuery: [39.0, 37.0, 7.0, 50.0, 50.0, 38.0, 38.0, 33.0, 38.0, 2.0, 37.0] is not in the language.
membershipQuery: [45.0, 53.0, 31.0, 59.0, 59.0, 12.0, 12.0, 50.0, 12.0, 15.0, 15.0] is not in the language.
membershipQuery: [21.0, 61.0, 21.0, 2.0, 2.0, 37.0, 37.0, 24.0, 37.0, 55.0, 21.0] is not in the language.
membershipQuery: [24.0, 41.0, 43.0, 49.0, 49.0, 42.0, 42.0, 25.0, 42.0, 57.0, 49.0] is not in the language.
membershipQuery: [6.0, 17.0, 1.0, 59.0, 59.0, 12.0, 12.0, 37.0, 12.0, 43.0, 37.0] is not in the language.
membershipQuery: [49.0, 22.0, 57.0, 0.0, 0.0, 30.0, 30.0, 29.0, 30.0, 49.0, 37.0] is not in the language.
membershipQuery: [55.0, 8.0, 15.0, 14.0, 14.0, 54.0, 54.0, 47.0, 54.0, 55.0, 55.0] is not in the language.
membershipQuery: [53.0, 0.0, 41.0, 27.0, 27.0, 3.0, 3.0, 10.0, 3.0, 53.0, 3.0] is not in the language.
membershipQuery: [20.0, 13.0, 50.0, 41.0, 41.0, 40.0, 40.0, 42.0, 40.0, 20.0, 13.0] is not in the language.
membershipQuery: [43.0, 3.0, 15.0, 10.0, 10.0, 32.0, 32.0, 47.0, 32.0, 43.0, 15.0] is not in the language.
membershipQuery: [37.0, 26.0, 19.0, 35.0, 35.0, 61.0, 61.0, 36.0, 61.0, 37.0, 35.0] is not in the language.
membershipQuery: [9.0, 43.0, 7.0, 30.0, 30.0, 14.0, 14.0, 32.0, 14.0, 9.0, 32.0] is not in the language.
membershipQuery: [19.0, 21.0, 44.0, 16.0, 16.0, 22.0, 22.0, 49.0, 22.0, 22.0, 35.0] is not in the language.
membershipQuery: [16.0, 18.0, 8.0, 18.0, 18.0, 22.0, 22.0, 42.0, 22.0, 22.0, 16.0] is not in the language.
membershipQuery: [37.0, 24.0, 31.0, 28.0, 28.0, 9.0, 9.0, 38.0, 9.0, 9.0, 9.0] is not in the language.
membershipQuery: [22.0, 34.0, 52.0, 26.0, 26.0, 31.0, 31.0, 43.0, 31.0, 31.0, 34.0] is not in the language.
membershipQuery: [58.0, 31.0, 4.0, 34.0, 34.0, 32.0, 32.0, 39.0, 32.0, 32.0, 4.0] is not in the language.
membershipQuery: [42.0, 45.0, 20.0, 18.0, 18.0, 37.0, 37.0, 26.0, 37.0, 37.0, 18.0] is not in the language.
membershipQuery: [16.0, 14.0, 31.0, 54.0, 54.0, 9.0, 9.0, 3.0, 9.0, 9.0, 3.0] is not in the language.
membershipQuery: [57.0, 26.0, 15.0, 6.0, 6.0, 4.0, 4.0, 28.0, 4.0, 26.0, 40.0] is not in the language.
membershipQuery: FOUND MISMATCH FOR [0.0, 20.0, 5.0, 5.0, 5.0, 33.0, 33.0, 22.0, 33.0, 20.0, 0.0], rnn: [1.] and GT: False
Execution time: 6746.9776 seconds
membershipQuery: [0.0, 20.0, 5.0, 5.0, 5.0, 33.0, 33.0, 22.0, 33.0, 20.0, 0.0] is in the language.
membershipQuery: [33.0, 23.0, 35.0, 44.0, 44.0, 24.0, 24.0, 8.0, 24.0, 23.0, 24.0] is not in the language.
membershipQuery: [41.0, 27.0, 14.0, 44.0, 44.0, 24.0, 24.0, 34.0, 24.0, 27.0, 27.0] is not in the language.
membershipQuery: [4.0, 10.0, 16.0, 39.0, 39.0, 25.0, 25.0, 8.0, 25.0, 10.0, 16.0] is not in the language.
membershipQuery: [36.0, 26.0, 58.0, 37.0, 37.0, 28.0, 28.0, 37.0, 28.0, 26.0, 37.0] is not in the language.
membershipQuery: [34.0, 22.0, 39.0, 24.0, 24.0, 24.0, 24.0, 42.0, 24.0, 22.0, 42.0] is not in the language.
membershipQuery: [2.0, 15.0, 25.0, 54.0, 54.0, 4.0, 4.0, 57.0, 4.0, 25.0, 13.0] is not in the language.
membershipQuery: [36.0, 61.0, 49.0, 58.0, 58.0, 43.0, 43.0, 35.0, 43.0, 49.0, 36.0] is not in the language.
membershipQuery: [58.0, 8.0, 10.0, 3.0, 3.0, 53.0, 53.0, 38.0, 53.0, 10.0, 53.0] is not in the language.
membershipQuery: [26.0, 24.0, 35.0, 49.0, 49.0, 43.0, 43.0, 25.0, 43.0, 35.0, 24.0] is not in the language.
membershipQuery: [26.0, 57.0, 20.0, 10.0, 10.0, 13.0, 13.0, 45.0, 13.0, 20.0, 20.0] is not in the language.
membershipQuery: [59.0, 29.0, 42.0, 41.0, 41.0, 19.0, 19.0, 53.0, 19.0, 42.0, 41.0] is not in the language.
membershipQuery: [26.0, 13.0, 11.0, 35.0, 35.0, 57.0, 57.0, 52.0, 57.0, 11.0, 52.0] is not in the language.
membershipQuery: [61.0, 37.0, 50.0, 16.0, 16.0, 1.0, 1.0, 11.0, 1.0, 16.0, 55.0] is not in the language.
membershipQuery: [1.0, 17.0, 23.0, 41.0, 41.0, 31.0, 31.0, 50.0, 31.0, 41.0, 1.0] is not in the language.
membershipQuery: FOUND MISMATCH FOR [52.0, 9.0, 61.0, 0.0, 0.0, 43.0, 43.0, 14.0, 43.0, 0.0, 43.0], rnn: [1.] and GT: False
Execution time: 6747.0586 seconds
membershipQuery: [52.0, 9.0, 61.0, 0.0, 0.0, 43.0, 43.0, 14.0, 43.0, 0.0, 43.0] is in the language.
membershipQuery: FOUND MISMATCH FOR [2.0, 0.0, 16.0, 32.0, 32.0, 3.0, 3.0, 2.0, 3.0, 32.0, 0.0], rnn: [1.] and GT: False
Execution time: 6747.0596 seconds
membershipQuery: [2.0, 0.0, 16.0, 32.0, 32.0, 3.0, 3.0, 2.0, 3.0, 32.0, 0.0] is in the language.
membershipQuery: [33.0, 21.0, 26.0, 59.0, 59.0, 17.0, 17.0, 59.0, 17.0, 59.0, 26.0] is not in the language.
membershipQuery: [7.0, 59.0, 4.0, 36.0, 36.0, 56.0, 56.0, 34.0, 56.0, 36.0, 36.0] is not in the language.
membershipQuery: [44.0, 48.0, 33.0, 14.0, 14.0, 56.0, 56.0, 2.0, 56.0, 14.0, 2.0] is not in the language.
membershipQuery: [3.0, 36.0, 18.0, 60.0, 60.0, 18.0, 18.0, 2.0, 18.0, 2.0, 18.0] is not in the language.
membershipQuery: [26.0, 13.0, 28.0, 36.0, 36.0, 42.0, 42.0, 0.0, 42.0, 0.0, 26.0] is not in the language.
membershipQuery: [43.0, 11.0, 11.0, 14.0, 14.0, 59.0, 59.0, 45.0, 59.0, 45.0, 59.0] is not in the language.
membershipQuery: [20.0, 12.0, 41.0, 0.0, 0.0, 15.0, 15.0, 46.0, 15.0, 46.0, 12.0] is not in the language.
membershipQuery: [32.0, 43.0, 17.0, 4.0, 4.0, 39.0, 39.0, 5.0, 39.0, 5.0, 17.0] is not in the language.
membershipQuery: [26.0, 17.0, 23.0, 43.0, 43.0, 61.0, 61.0, 52.0, 61.0, 52.0, 43.0] is not in the language.
membershipQuery: [57.0, 58.0, 47.0, 4.0, 4.0, 1.0, 1.0, 12.0, 1.0, 12.0, 12.0] is not in the language.
membershipQuery: [10.0, 59.0, 55.0, 11.0, 11.0, 26.0, 26.0, 59.0, 55.0, 4.0, 10.0] is not in the language.
membershipQuery: [13.0, 52.0, 3.0, 27.0, 27.0, 59.0, 59.0, 42.0, 3.0, 4.0, 13.0] is not in the language.
membershipQuery: [15.0, 17.0, 51.0, 16.0, 16.0, 7.0, 7.0, 38.0, 51.0, 15.0, 7.0] is not in the language.
membershipQuery: [17.0, 54.0, 25.0, 0.0, 0.0, 51.0, 51.0, 14.0, 25.0, 33.0, 54.0] is not in the language.
membershipQuery: [40.0, 13.0, 19.0, 25.0, 25.0, 61.0, 61.0, 8.0, 19.0, 32.0, 32.0] is not in the language.
membershipQuery: [48.0, 46.0, 41.0, 22.0, 22.0, 38.0, 38.0, 41.0, 41.0, 43.0, 41.0] is not in the language.
membershipQuery: [44.0, 8.0, 26.0, 60.0, 60.0, 44.0, 44.0, 53.0, 26.0, 55.0, 60.0] is not in the language.
membershipQuery: [8.0, 0.0, 56.0, 57.0, 57.0, 59.0, 59.0, 50.0, 56.0, 21.0, 50.0] is not in the language.
membershipQuery: FOUND MISMATCH FOR [2.0, 4.0, 35.0, 54.0, 54.0, 31.0, 31.0, 51.0, 35.0, 2.0, 0.0], rnn: [1.] and GT: False
Execution time: 9710.2649 seconds
membershipQuery: [2.0, 4.0, 35.0, 54.0, 54.0, 31.0, 31.0, 51.0, 35.0, 2.0, 0.0] is in the language.
membershipQuery: [22.0, 49.0, 17.0, 41.0, 41.0, 59.0, 59.0, 27.0, 17.0, 22.0, 22.0] is not in the language.
membershipQuery: [15.0, 55.0, 22.0, 48.0, 48.0, 26.0, 26.0, 35.0, 22.0, 15.0, 26.0] is not in the language.
membershipQuery: [3.0, 17.0, 32.0, 1.0, 1.0, 16.0, 16.0, 15.0, 32.0, 3.0, 17.0] is not in the language.
membershipQuery: [23.0, 23.0, 58.0, 35.0, 35.0, 12.0, 12.0, 17.0, 58.0, 23.0, 58.0] is not in the language.
membershipQuery: [30.0, 25.0, 3.0, 48.0, 48.0, 56.0, 56.0, 41.0, 3.0, 30.0, 48.0] is not in the language.
membershipQuery: [30.0, 42.0, 34.0, 9.0, 9.0, 40.0, 40.0, 14.0, 34.0, 30.0, 14.0] is not in the language.
membershipQuery: [50.0, 34.0, 4.0, 37.0, 37.0, 47.0, 47.0, 60.0, 4.0, 47.0, 10.0] is not in the language.
membershipQuery: [37.0, 31.0, 22.0, 2.0, 2.0, 3.0, 3.0, 27.0, 22.0, 3.0, 37.0] is not in the language.
membershipQuery: [5.0, 9.0, 23.0, 54.0, 54.0, 24.0, 24.0, 10.0, 23.0, 24.0, 24.0] is not in the language.
membershipQuery: [26.0, 18.0, 7.0, 14.0, 14.0, 47.0, 47.0, 38.0, 7.0, 47.0, 18.0] is not in the language.
membershipQuery: [20.0, 26.0, 28.0, 14.0, 14.0, 18.0, 18.0, 2.0, 28.0, 18.0, 28.0] is not in the language.
membershipQuery: [58.0, 55.0, 47.0, 16.0, 16.0, 47.0, 47.0, 20.0, 47.0, 47.0, 16.0] is not in the language.
membershipQuery: [35.0, 34.0, 46.0, 33.0, 33.0, 32.0, 32.0, 23.0, 46.0, 32.0, 23.0] is not in the language.
membershipQuery: [14.0, 34.0, 51.0, 46.0, 46.0, 1.0, 1.0, 36.0, 51.0, 34.0, 51.0] is not in the language.
membershipQuery: [40.0, 26.0, 49.0, 17.0, 17.0, 5.0, 5.0, 31.0, 49.0, 26.0, 40.0] is not in the language.
membershipQuery: [17.0, 18.0, 38.0, 32.0, 32.0, 18.0, 18.0, 15.0, 38.0, 18.0, 18.0] is not in the language.
membershipQuery: [31.0, 39.0, 18.0, 32.0, 32.0, 4.0, 4.0, 39.0, 18.0, 39.0, 39.0] is not in the language.
membershipQuery: [5.0, 29.0, 4.0, 53.0, 53.0, 49.0, 49.0, 30.0, 4.0, 29.0, 4.0] is not in the language.
membershipQuery: [10.0, 7.0, 41.0, 53.0, 53.0, 38.0, 38.0, 13.0, 41.0, 7.0, 53.0] is not in the language.
membershipQuery: [7.0, 52.0, 42.0, 41.0, 41.0, 35.0, 35.0, 46.0, 42.0, 52.0, 46.0] is not in the language.
membershipQuery: [24.0, 44.0, 19.0, 25.0, 25.0, 1.0, 1.0, 42.0, 19.0, 19.0, 7.0] is not in the language.
membershipQuery: [12.0, 24.0, 18.0, 22.0, 22.0, 8.0, 8.0, 2.0, 18.0, 18.0, 12.0] is not in the language.
membershipQuery: [48.0, 23.0, 25.0, 29.0, 29.0, 47.0, 47.0, 51.0, 25.0, 25.0, 47.0] is not in the language.
membershipQuery: [44.0, 7.0, 43.0, 2.0, 2.0, 27.0, 27.0, 18.0, 43.0, 43.0, 7.0] is not in the language.
membershipQuery: [48.0, 42.0, 49.0, 48.0, 48.0, 60.0, 60.0, 8.0, 49.0, 49.0, 49.0] is not in the language.
membershipQuery: FOUND MISMATCH FOR [35.0, 9.0, 0.0, 13.0, 13.0, 24.0, 24.0, 45.0, 0.0, 0.0, 13.0], rnn: [1.] and GT: False
Execution time: 9710.3711 seconds
membershipQuery: [35.0, 9.0, 0.0, 13.0, 13.0, 24.0, 24.0, 45.0, 0.0, 0.0, 13.0] is in the language.
membershipQuery: [16.0, 8.0, 26.0, 37.0, 37.0, 11.0, 11.0, 38.0, 26.0, 26.0, 38.0] is not in the language.
membershipQuery: [48.0, 7.0, 42.0, 34.0, 34.0, 11.0, 11.0, 45.0, 42.0, 34.0, 45.0] is not in the language.
membershipQuery: [60.0, 56.0, 13.0, 48.0, 48.0, 17.0, 17.0, 3.0, 13.0, 48.0, 60.0] is not in the language.
membershipQuery: [35.0, 30.0, 13.0, 17.0, 17.0, 53.0, 53.0, 56.0, 13.0, 17.0, 53.0] is not in the language.
membershipQuery: [28.0, 10.0, 41.0, 42.0, 42.0, 57.0, 57.0, 20.0, 41.0, 42.0, 10.0] is not in the language.
membershipQuery: FOUND MISMATCH FOR [38.0, 25.0, 18.0, 42.0, 42.0, 11.0, 11.0, 0.0, 18.0, 42.0, 18.0], rnn: [1.] and GT: False
Execution time: 9710.4111 seconds
membershipQuery: [38.0, 25.0, 18.0, 42.0, 42.0, 11.0, 11.0, 0.0, 18.0, 42.0, 18.0] is in the language.
membershipQuery: [0.0, 8.0, 58.0, 8.0, 8.0, 29.0, 29.0, 41.0, 58.0, 8.0, 8.0] is not in the language.
membershipQuery: [61.0, 6.0, 2.0, 19.0, 19.0, 59.0, 59.0, 32.0, 2.0, 19.0, 32.0] is not in the language.
membershipQuery: [29.0, 37.0, 9.0, 32.0, 32.0, 40.0, 40.0, 31.0, 9.0, 31.0, 50.0] is not in the language.
membershipQuery: [21.0, 38.0, 47.0, 28.0, 28.0, 4.0, 4.0, 36.0, 47.0, 36.0, 21.0] is not in the language.
membershipQuery: [35.0, 46.0, 1.0, 38.0, 38.0, 29.0, 29.0, 3.0, 1.0, 3.0, 29.0] is not in the language.
membershipQuery: [14.0, 37.0, 55.0, 41.0, 41.0, 12.0, 12.0, 44.0, 55.0, 44.0, 37.0] is not in the language.
membershipQuery: [4.0, 2.0, 38.0, 17.0, 17.0, 48.0, 48.0, 12.0, 38.0, 12.0, 38.0] is not in the language.
membershipQuery: [61.0, 48.0, 3.0, 38.0, 38.0, 56.0, 56.0, 51.0, 3.0, 51.0, 38.0] is not in the language.
membershipQuery: [4.0, 36.0, 4.0, 21.0, 21.0, 9.0, 9.0, 56.0, 4.0, 56.0, 56.0] is not in the language.
membershipQuery: [4.0, 3.0, 25.0, 21.0, 21.0, 43.0, 43.0, 30.0, 30.0, 58.0, 43.0] is not in the language.
membershipQuery: [20.0, 57.0, 38.0, 58.0, 58.0, 37.0, 37.0, 21.0, 21.0, 25.0, 20.0] is not in the language.
membershipQuery: [8.0, 57.0, 34.0, 13.0, 13.0, 41.0, 41.0, 48.0, 48.0, 15.0, 41.0] is not in the language.
membershipQuery: [25.0, 19.0, 30.0, 16.0, 16.0, 47.0, 47.0, 40.0, 40.0, 23.0, 19.0] is not in the language.
membershipQuery: [23.0, 50.0, 20.0, 35.0, 35.0, 19.0, 19.0, 14.0, 14.0, 6.0, 6.0] is not in the language.
membershipQuery: [4.0, 54.0, 31.0, 4.0, 4.0, 23.0, 23.0, 58.0, 58.0, 52.0, 31.0] is not in the language.
membershipQuery: [8.0, 35.0, 23.0, 10.0, 10.0, 17.0, 17.0, 18.0, 18.0, 49.0, 10.0] is not in the language.
membershipQuery: [35.0, 1.0, 40.0, 30.0, 30.0, 18.0, 18.0, 49.0, 49.0, 23.0, 49.0] is not in the language.
membershipQuery: [42.0, 28.0, 52.0, 31.0, 31.0, 44.0, 44.0, 20.0, 20.0, 42.0, 47.0] is not in the language.
membershipQuery: [5.0, 58.0, 45.0, 51.0, 51.0, 26.0, 26.0, 9.0, 9.0, 5.0, 5.0] is not in the language.
membershipQuery: [30.0, 55.0, 23.0, 23.0, 23.0, 35.0, 35.0, 26.0, 26.0, 30.0, 35.0] is not in the language.
membershipQuery: [13.0, 45.0, 4.0, 52.0, 52.0, 10.0, 10.0, 9.0, 9.0, 13.0, 45.0] is not in the language.
membershipQuery: [43.0, 12.0, 39.0, 5.0, 5.0, 46.0, 46.0, 28.0, 28.0, 43.0, 39.0] is not in the language.
membershipQuery: [38.0, 3.0, 14.0, 59.0, 59.0, 10.0, 10.0, 24.0, 24.0, 38.0, 59.0] is not in the language.
membershipQuery: [12.0, 37.0, 30.0, 2.0, 2.0, 57.0, 57.0, 4.0, 4.0, 12.0, 4.0] is not in the language.
membershipQuery: [50.0, 26.0, 47.0, 22.0, 22.0, 2.0, 2.0, 34.0, 34.0, 2.0, 56.0] is not in the language.
membershipQuery: [24.0, 44.0, 30.0, 54.0, 54.0, 23.0, 23.0, 55.0, 55.0, 23.0, 24.0] is not in the language.
membershipQuery: [59.0, 51.0, 10.0, 51.0, 51.0, 33.0, 33.0, 47.0, 47.0, 33.0, 33.0] is not in the language.
membershipQuery: [52.0, 21.0, 13.0, 0.0, 0.0, 50.0, 50.0, 35.0, 35.0, 50.0, 21.0] is not in the language.
membershipQuery: [15.0, 44.0, 32.0, 7.0, 7.0, 35.0, 35.0, 7.0, 7.0, 35.0, 32.0] is not in the language.
membershipQuery: FOUND MISMATCH FOR [16.0, 18.0, 20.0, 0.0, 0.0, 49.0, 49.0, 1.0, 1.0, 49.0, 0.0], rnn: [1.] and GT: False
Execution time: 13063.9766 seconds
membershipQuery: [16.0, 18.0, 20.0, 0.0, 0.0, 49.0, 49.0, 1.0, 1.0, 49.0, 0.0] is in the language.
membershipQuery: [40.0, 55.0, 51.0, 3.0, 3.0, 44.0, 44.0, 45.0, 45.0, 44.0, 45.0] is not in the language.
membershipQuery: [47.0, 14.0, 52.0, 40.0, 40.0, 25.0, 25.0, 32.0, 32.0, 14.0, 11.0] is not in the language.
membershipQuery: [21.0, 44.0, 51.0, 15.0, 15.0, 37.0, 37.0, 44.0, 44.0, 44.0, 21.0] is not in the language.
membershipQuery: [4.0, 3.0, 53.0, 15.0, 15.0, 21.0, 21.0, 58.0, 58.0, 3.0, 21.0] is not in the language.
membershipQuery: [13.0, 16.0, 27.0, 22.0, 22.0, 57.0, 57.0, 48.0, 48.0, 16.0, 16.0] is not in the language.
membershipQuery: [53.0, 4.0, 2.0, 58.0, 58.0, 58.0, 58.0, 34.0, 34.0, 4.0, 2.0] is not in the language.
membershipQuery: [44.0, 25.0, 23.0, 12.0, 12.0, 55.0, 55.0, 14.0, 14.0, 25.0, 12.0] is not in the language.
membershipQuery: [42.0, 53.0, 11.0, 22.0, 22.0, 54.0, 54.0, 8.0, 8.0, 53.0, 8.0] is not in the language.
membershipQuery: [13.0, 57.0, 60.0, 31.0, 31.0, 34.0, 34.0, 20.0, 20.0, 60.0, 59.0] is not in the language.
membershipQuery: [45.0, 1.0, 11.0, 37.0, 37.0, 50.0, 50.0, 56.0, 56.0, 11.0, 45.0] is not in the language.
membershipQuery: [18.0, 42.0, 32.0, 1.0, 1.0, 55.0, 55.0, 5.0, 5.0, 32.0, 55.0] is not in the language.
membershipQuery: [24.0, 51.0, 24.0, 30.0, 30.0, 42.0, 42.0, 43.0, 43.0, 24.0, 51.0] is not in the language.
membershipQuery: [48.0, 31.0, 15.0, 35.0, 35.0, 38.0, 38.0, 31.0, 31.0, 15.0, 15.0] is not in the language.
membershipQuery: [39.0, 2.0, 32.0, 57.0, 57.0, 41.0, 41.0, 6.0, 6.0, 32.0, 57.0] is not in the language.
membershipQuery: [35.0, 5.0, 0.0, 13.0, 13.0, 30.0, 30.0, 31.0, 31.0, 0.0, 31.0] is not in the language.
membershipQuery: [28.0, 55.0, 36.0, 26.0, 26.0, 13.0, 13.0, 29.0, 29.0, 26.0, 27.0] is not in the language.
membershipQuery: [22.0, 54.0, 23.0, 5.0, 5.0, 40.0, 40.0, 27.0, 27.0, 5.0, 22.0] is not in the language.
membershipQuery: [21.0, 30.0, 56.0, 30.0, 30.0, 19.0, 19.0, 56.0, 56.0, 30.0, 19.0] is not in the language.
membershipQuery: [43.0, 5.0, 37.0, 39.0, 39.0, 19.0, 19.0, 56.0, 56.0, 39.0, 5.0] is not in the language.
membershipQuery: [41.0, 38.0, 52.0, 26.0, 26.0, 41.0, 41.0, 2.0, 2.0, 26.0, 52.0] is not in the language.
membershipQuery: [51.0, 19.0, 17.0, 8.0, 8.0, 10.0, 10.0, 23.0, 23.0, 8.0, 8.0] is not in the language.
membershipQuery: [4.0, 10.0, 3.0, 53.0, 53.0, 25.0, 25.0, 59.0, 59.0, 53.0, 59.0] is not in the language.
membershipQuery: [49.0, 29.0, 54.0, 38.0, 38.0, 33.0, 33.0, 58.0, 58.0, 58.0, 55.0] is not in the language.
membershipQuery: [15.0, 21.0, 16.0, 43.0, 43.0, 61.0, 61.0, 45.0, 45.0, 45.0, 15.0] is not in the language.
membershipQuery: [15.0, 14.0, 29.0, 58.0, 58.0, 36.0, 36.0, 14.0, 14.0, 14.0, 36.0] is not in the language.
membershipQuery: [58.0, 3.0, 40.0, 11.0, 11.0, 11.0, 11.0, 55.0, 55.0, 55.0, 3.0] is not in the language.
membershipQuery: FOUND MISMATCH FOR [0.0, 25.0, 14.0, 20.0, 20.0, 10.0, 10.0, 19.0, 19.0, 19.0, 14.0], rnn: [1.] and GT: False
Execution time: 13064.1056 seconds
membershipQuery: [0.0, 25.0, 14.0, 20.0, 20.0, 10.0, 10.0, 19.0, 19.0, 19.0, 14.0] is in the language.
membershipQuery: [27.0, 29.0, 33.0, 22.0, 22.0, 12.0, 12.0, 54.0, 54.0, 54.0, 22.0] is not in the language.
membershipQuery: [19.0, 38.0, 29.0, 38.0, 38.0, 10.0, 10.0, 14.0, 14.0, 14.0, 14.0] is not in the language.
membershipQuery: [61.0, 16.0, 3.0, 39.0, 39.0, 29.0, 16.0, 29.0, 35.0, 56.0, 7.0] is not in the language.
membershipQuery: [37.0, 1.0, 49.0, 40.0, 40.0, 55.0, 1.0, 55.0, 41.0, 3.0, 37.0] is not in the language.
membershipQuery: [21.0, 47.0, 20.0, 48.0, 48.0, 7.0, 47.0, 7.0, 15.0, 57.0, 7.0] is not in the language.
membershipQuery: [3.0, 48.0, 4.0, 37.0, 37.0, 9.0, 48.0, 9.0, 1.0, 59.0, 48.0] is not in the language.
membershipQuery: [4.0, 33.0, 44.0, 12.0, 12.0, 45.0, 33.0, 45.0, 2.0, 34.0, 34.0] is not in the language.
membershipQuery: [0.0, 10.0, 30.0, 10.0, 10.0, 33.0, 10.0, 33.0, 11.0, 10.0, 30.0] is not in the language.
membershipQuery: [19.0, 6.0, 26.0, 25.0, 25.0, 43.0, 6.0, 43.0, 9.0, 38.0, 25.0] is not in the language.
membershipQuery: [12.0, 19.0, 33.0, 38.0, 38.0, 8.0, 19.0, 8.0, 1.0, 44.0, 1.0] is not in the language.
membershipQuery: [36.0, 21.0, 58.0, 15.0, 15.0, 38.0, 21.0, 38.0, 22.0, 36.0, 28.0] is not in the language.
membershipQuery: [51.0, 4.0, 47.0, 16.0, 16.0, 39.0, 4.0, 39.0, 15.0, 51.0, 51.0] is not in the language.
membershipQuery: [16.0, 24.0, 25.0, 54.0, 54.0, 12.0, 24.0, 12.0, 60.0, 16.0, 12.0] is not in the language.
membershipQuery: [15.0, 23.0, 38.0, 1.0, 1.0, 43.0, 23.0, 43.0, 54.0, 15.0, 23.0] is not in the language.
membershipQuery: [11.0, 56.0, 17.0, 43.0, 43.0, 6.0, 56.0, 6.0, 3.0, 11.0, 17.0] is not in the language.
membershipQuery: [17.0, 51.0, 17.0, 47.0, 47.0, 22.0, 51.0, 22.0, 52.0, 17.0, 47.0] is not in the language.
membershipQuery: [21.0, 52.0, 39.0, 31.0, 31.0, 34.0, 52.0, 34.0, 39.0, 21.0, 39.0] is not in the language.
membershipQuery: [15.0, 49.0, 28.0, 51.0, 51.0, 9.0, 49.0, 9.0, 32.0, 9.0, 32.0] is not in the language.
membershipQuery: [44.0, 52.0, 5.0, 32.0, 32.0, 53.0, 52.0, 53.0, 16.0, 53.0, 44.0] is not in the language.
membershipQuery: [17.0, 52.0, 16.0, 11.0, 11.0, 42.0, 52.0, 42.0, 33.0, 42.0, 42.0] is not in the language.
membershipQuery: [38.0, 23.0, 45.0, 24.0, 24.0, 22.0, 23.0, 22.0, 31.0, 22.0, 23.0] is not in the language.
membershipQuery: [19.0, 56.0, 61.0, 23.0, 23.0, 56.0, 56.0, 56.0, 48.0, 56.0, 61.0] is not in the language.
membershipQuery: [56.0, 41.0, 53.0, 18.0, 18.0, 22.0, 41.0, 22.0, 16.0, 22.0, 18.0] is not in the language.
membershipQuery: [31.0, 61.0, 36.0, 17.0, 17.0, 43.0, 61.0, 43.0, 14.0, 43.0, 14.0] is not in the language.
membershipQuery: [46.0, 53.0, 46.0, 53.0, 53.0, 57.0, 53.0, 57.0, 0.0, 53.0, 13.0] is not in the language.
membershipQuery: [25.0, 13.0, 31.0, 54.0, 54.0, 13.0, 13.0, 13.0, 47.0, 13.0, 25.0] is not in the language.
membershipQuery: [34.0, 16.0, 27.0, 46.0, 46.0, 50.0, 16.0, 50.0, 8.0, 16.0, 50.0] is not in the language.
membershipQuery: [3.0, 23.0, 58.0, 12.0, 12.0, 14.0, 23.0, 14.0, 26.0, 23.0, 23.0] is not in the language.
membershipQuery: [48.0, 28.0, 50.0, 55.0, 55.0, 57.0, 28.0, 57.0, 57.0, 28.0, 50.0] is not in the language.
membershipQuery: FOUND MISMATCH FOR [61.0, 0.0, 55.0, 37.0, 37.0, 4.0, 0.0, 4.0, 39.0, 0.0, 37.0], rnn: [1.] and GT: False
Execution time: 16378.4284 seconds
membershipQuery: [61.0, 0.0, 55.0, 37.0, 37.0, 4.0, 0.0, 4.0, 39.0, 0.0, 37.0] is in the language.
membershipQuery: [2.0, 30.0, 56.0, 59.0, 59.0, 33.0, 30.0, 33.0, 23.0, 30.0, 23.0] is not in the language.
membershipQuery: [53.0, 42.0, 55.0, 0.0, 0.0, 34.0, 42.0, 34.0, 36.0, 55.0, 27.0] is not in the language.
membershipQuery: [44.0, 23.0, 3.0, 27.0, 27.0, 60.0, 23.0, 60.0, 29.0, 3.0, 44.0] is not in the language.
membershipQuery: [57.0, 45.0, 18.0, 43.0, 43.0, 13.0, 45.0, 13.0, 24.0, 18.0, 13.0] is not in the language.
membershipQuery: [10.0, 15.0, 31.0, 51.0, 51.0, 49.0, 15.0, 49.0, 24.0, 31.0, 15.0] is not in the language.
membershipQuery: [38.0, 1.0, 23.0, 42.0, 42.0, 8.0, 1.0, 8.0, 27.0, 23.0, 23.0] is not in the language.
membershipQuery: [12.0, 45.0, 33.0, 59.0, 59.0, 34.0, 45.0, 34.0, 19.0, 33.0, 59.0] is not in the language.
membershipQuery: [4.0, 41.0, 6.0, 40.0, 40.0, 50.0, 41.0, 50.0, 21.0, 6.0, 21.0] is not in the language.
membershipQuery: [3.0, 56.0, 48.0, 55.0, 55.0, 55.0, 56.0, 55.0, 2.0, 55.0, 20.0] is not in the language.
membershipQuery: [50.0, 33.0, 49.0, 37.0, 37.0, 21.0, 33.0, 21.0, 16.0, 37.0, 50.0] is not in the language.
membershipQuery: [31.0, 53.0, 60.0, 25.0, 25.0, 45.0, 53.0, 45.0, 24.0, 25.0, 45.0] is not in the language.
membershipQuery: [53.0, 48.0, 3.0, 40.0, 40.0, 6.0, 48.0, 6.0, 32.0, 40.0, 48.0] is not in the language.
membershipQuery: [36.0, 9.0, 51.0, 35.0, 35.0, 48.0, 9.0, 48.0, 21.0, 35.0, 51.0] is not in the language.
membershipQuery: [6.0, 7.0, 41.0, 24.0, 24.0, 49.0, 7.0, 49.0, 8.0, 24.0, 24.0] is not in the language.
membershipQuery: FOUND MISMATCH FOR [10.0, 8.0, 26.0, 0.0, 0.0, 6.0, 8.0, 6.0, 57.0, 0.0, 57.0], rnn: [1.] and GT: False
Execution time: 16378.5058 seconds
membershipQuery: [10.0, 8.0, 26.0, 0.0, 0.0, 6.0, 8.0, 6.0, 57.0, 0.0, 57.0] is in the language.
membershipQuery: [52.0, 10.0, 9.0, 44.0, 44.0, 60.0, 10.0, 60.0, 47.0, 47.0, 1.0] is not in the language.
membershipQuery: [9.0, 54.0, 34.0, 29.0, 29.0, 61.0, 54.0, 61.0, 25.0, 25.0, 9.0] is not in the language.
membershipQuery: [3.0, 49.0, 50.0, 41.0, 41.0, 59.0, 49.0, 59.0, 52.0, 52.0, 59.0] is not in the language.
membershipQuery: [47.0, 53.0, 23.0, 22.0, 22.0, 49.0, 53.0, 49.0, 59.0, 59.0, 53.0] is not in the language.
membershipQuery: [38.0, 51.0, 60.0, 22.0, 22.0, 27.0, 51.0, 27.0, 18.0, 18.0, 60.0] is not in the language.
membershipQuery: [39.0, 43.0, 16.0, 25.0, 25.0, 42.0, 43.0, 42.0, 3.0, 3.0, 25.0] is not in the language.
membershipQuery: [22.0, 54.0, 53.0, 53.0, 53.0, 1.0, 54.0, 1.0, 34.0, 34.0, 34.0] is not in the language.
WARNING: Exiting now. The MAX_RUN_TIME: 18000 has been reached.
Stopped time: 20088.7316 seconds
WARNING: Membership query reply is None...shutting down the algorithm now.
WARNING: returning last hypothesis
None
                                  Adversarial Examples  ...  Mem Query?
0                                                   ()  ...           Y
1                               (37.0, 4.0, 7.0, 26.0)  ...           N
2                                         (28.0, 28.0)  ...           Y
3                             (35.0, 45.0, 25.0, 35.0)  ...           Y
4                              (1.0, 55.0, 27.0, 55.0)  ...           Y
..                                                 ...  ...         ...
103  (38.0, 25.0, 18.0, 42.0, 42.0, 11.0, 11.0, 0.0...  ...           Y
104  (16.0, 18.0, 20.0, 0.0, 0.0, 49.0, 49.0, 1.0, ...  ...           Y
105  (0.0, 25.0, 14.0, 20.0, 20.0, 10.0, 10.0, 19.0...  ...           Y
106  (61.0, 0.0, 55.0, 37.0, 37.0, 4.0, 0.0, 4.0, 3...  ...           Y
107  (10.0, 8.0, 26.0, 0.0, 0.0, 6.0, 8.0, 6.0, 57....  ...           Y

[108 rows x 5 columns]
INFO: Statistics from GTComparison:
                               Details  ...  Total count
0                 No. of queries asked  ...   687.000000
1    No. of queries answered correctly  ...   578.000000
2  No. of queries answered incorrectly  ...   109.000000
3                             Accuracy  ...     0.841339

[4 rows x 8 columns]
                                  Adversarial Examples  ...  Length of Adversarial Examples
0                                                   ()  ...                               0
1                               (37.0, 4.0, 7.0, 26.0)  ...                               4
2                                         (28.0, 28.0)  ...                               2
3                             (35.0, 45.0, 25.0, 35.0)  ...                               4
4                              (1.0, 55.0, 27.0, 55.0)  ...                               4
..                                                 ...  ...                             ...
103  (38.0, 25.0, 18.0, 42.0, 42.0, 11.0, 11.0, 0.0...  ...                              11
104  (16.0, 18.0, 20.0, 0.0, 0.0, 49.0, 49.0, 1.0, ...  ...                              11
105  (0.0, 25.0, 14.0, 20.0, 20.0, 10.0, 10.0, 19.0...  ...                              11
106  (61.0, 0.0, 55.0, 37.0, 37.0, 4.0, 0.0, 4.0, 3...  ...                              11
107  (10.0, 8.0, 26.0, 0.0, 0.0, 6.0, 8.0, 6.0, 57....  ...                              11

[108 rows x 3 columns]
